TN:
SF:/Users/grey/ORSGraph/src/chunks.rs
FN:9,create_retrieval_chunk
FN:28,create_retrieval_chunk_with_part
FN:99,build_chunks_for_provision
FN:176,create_chunks_from_parts
FN:215,build_full_statute_chunks
FN:306,split_text_by_char_limit
FN:468,short_hash
FNF:7
FNDA:0,create_retrieval_chunk
FNDA:6488,create_retrieval_chunk_with_part
FNDA:5483,build_chunks_for_provision
FNDA:6480,create_chunks_from_parts
FNDA:716,build_full_statute_chunks
FNDA:6200,split_text_by_char_limit
FNDA:7206,short_hash
DA:9,0
DA:18,0
DA:19,0
DA:20,0
DA:21,0
DA:22,0
DA:23,0
DA:28,6488
DA:37,12976
DA:39,12976
DA:42,12976
DA:47,19464
DA:48,19464
DA:50,12976
DA:52,19464
DA:53,19464
DA:54,19464
DA:55,19464
DA:61,25952
DA:63,12976
DA:64,12976
DA:66,12976
DA:67,12976
DA:68,12976
DA:70,12976
DA:71,12976
DA:72,12976
DA:73,6488
DA:74,6488
DA:77,25952
DA:78,6488
DA:79,11980
DA:80,5492
DA:81,5492
DA:82,5492
DA:84,1387
DA:85,945
DA:86,433
DA:87,194
DA:88,0
DA:89,0
DA:92,32440
DA:93,32440
DA:94,6488
DA:96,6488
DA:99,5483
DA:104,10966
DA:105,10966
DA:112,5483
DA:113,5483
DA:117,10966
DA:121,16449
DA:122,5483
DA:123,5483
DA:124,5483
DA:125,5483
DA:126,10966
DA:127,5483
DA:128,5483
DA:132,10966
DA:134,10966
DA:135,10966
DA:136,10966
DA:139,16449
DA:140,10966
DA:141,10966
DA:144,16449
DA:145,10966
DA:146,10966
DA:149,10966
DA:150,5483
DA:151,5483
DA:155,71279
DA:156,22928
DA:157,2988
DA:159,996
DA:161,3984
DA:162,1992
DA:163,1992
DA:164,1992
DA:165,1992
DA:166,2988
DA:167,996
DA:168,996
DA:173,5483
DA:176,6480
DA:185,19440
DA:186,6480
DA:189,12968
DA:190,12976
DA:191,6479
DA:193,9
DA:196,9
DA:202,6488
DA:203,6488
DA:204,6488
DA:205,6488
DA:206,12976
DA:207,6488
DA:208,6488
DA:209,6488
DA:215,716
DA:221,2864
DA:223,1432
DA:228,1432
DA:234,716
DA:235,1432
DA:237,2148
DA:239,716
DA:242,1434
DA:243,1436
DA:244,715
DA:246,3
DA:249,3
DA:255,1436
DA:257,1436
DA:259,1436
DA:262,1436
DA:263,1436
DA:264,2154
DA:265,2154
DA:266,2154
DA:267,1436
DA:268,1436
DA:269,2154
DA:270,2154
DA:271,2154
DA:272,2154
DA:273,1436
DA:274,1436
DA:275,1436
DA:276,1436
DA:277,1436
DA:278,2872
DA:279,1436
DA:280,1436
DA:281,1436
DA:282,1436
DA:283,1436
DA:284,1436
DA:285,1436
DA:286,1436
DA:287,1436
DA:288,718
DA:289,718
DA:290,718
DA:291,718
DA:294,2154
DA:295,718
DA:297,3590
DA:298,3590
DA:299,718
DA:301,718
DA:306,6200
DA:307,18600
DA:308,31000
DA:309,12400
DA:310,18594
DA:313,4
DA:314,4
DA:315,28
DA:316,60
DA:317,24
DA:318,30
DA:319,20
DA:321,78
DA:323,10
DA:327,72
DA:328,24
DA:329,24
DA:330,36
DA:332,12
DA:333,44
DA:334,0
DA:338,2
DA:468,7206
DA:469,21618
LF:177
LH:167
end_of_record
TN:
SF:/Users/grey/ORSGraph/src/citations.rs
FN:26,extract_citation_mentions
FN:120,citation_id
FN:127,dedupe
FNF:3
FNDA:5483,extract_citation_mentions
FNDA:2299,citation_id
FNDA:5483,dedupe
DA:6,3
DA:7,3
DA:8,3
DA:10,3
DA:14,9
DA:16,3
DA:17,3
DA:18,3
DA:20,3
DA:24,9
DA:26,5483
DA:27,10966
DA:28,10966
DA:30,11600
DA:31,1585
DA:32,1585
DA:33,1585
DA:35,951
DA:36,1268
DA:37,951
DA:38,634
DA:39,634
DA:40,951
DA:41,634
DA:42,634
DA:43,634
DA:44,634
DA:45,634
DA:46,634
DA:47,317
DA:48,317
DA:52,11216
DA:53,625
DA:54,625
DA:56,375
DA:57,500
DA:58,375
DA:59,250
DA:60,250
DA:61,375
DA:62,250
DA:63,250
DA:64,250
DA:65,250
DA:66,250
DA:67,250
DA:68,125
DA:69,125
DA:73,12495
DA:74,6116
DA:75,6116
DA:77,4915
DA:78,7428
DA:79,11428
DA:80,5571
DA:81,1714
DA:83,143
DA:86,5571
DA:87,1714
DA:89,572
DA:92,3714
DA:93,1857
DA:94,1857
DA:95,1857
DA:97,3714
DA:98,1857
DA:99,1857
DA:100,3714
DA:101,3428
DA:103,286
DA:105,1857
DA:106,1857
DA:107,1857
DA:108,1857
DA:109,1857
DA:110,3714
DA:112,1857
DA:117,10966
DA:120,2299
DA:121,2299
DA:123,4598
DA:127,5483
DA:128,10966
DA:129,10966
DA:131,7782
DA:132,4598
DA:133,6897
DA:134,6897
DA:135,2299
DA:138,9068
DA:139,4342
DA:143,5483
LF:92
LH:92
end_of_record
TN:
SF:/Users/grey/ORSGraph/src/hash.rs
FN:3,sha256_hex
FN:9,stable_id
FNF:2
FNDA:23434,sha256_hex
FNDA:2399,stable_id
DA:3,23434
DA:4,46868
DA:5,93736
DA:6,93736
DA:9,2399
DA:10,7197
DA:11,7197
LF:7
LH:7
end_of_record
TN:
SF:/Users/grey/ORSGraph/src/io_jsonl.rs
FN:8,write_jsonl
FN:26,write_one_json
FN:37,read_jsonl_batches
FN:53,read_jsonl_strict
FN:73,<impl Iterator for JsonlBatchReader<T>>::next
FN:129,write_jsonl_atomic
FNF:6
FNDA:1,write_jsonl
FNDA:1,write_one_json
FNDA:10,read_jsonl_batches
FNDA:10,read_jsonl_strict
FNDA:13,<impl Iterator for JsonlBatchReader<T>>::next
FNDA:1,write_jsonl_atomic
DA:8,1
DA:9,2
DA:10,2
DA:13,3
DA:14,3
DA:16,3
DA:17,6
DA:18,6
DA:19,6
DA:22,2
DA:23,1
DA:26,1
DA:27,2
DA:28,2
DA:31,3
DA:32,3
DA:33,3
DA:34,1
DA:37,10
DA:41,30
DA:42,30
DA:43,10
DA:44,40
DA:45,20
DA:46,20
DA:47,10
DA:48,10
DA:49,10
DA:53,10
DA:54,20
DA:55,24
DA:56,12
DA:58,9
DA:73,13
DA:74,13
DA:75,3
DA:78,30
DA:79,34
DA:80,34
DA:81,8
DA:82,8
DA:83,16
DA:84,16
DA:85,1
DA:87,7
DA:88,24
DA:89,1
DA:90,1
DA:91,2
DA:92,1
DA:93,1
DA:94,1
DA:95,1
DA:100,0
DA:101,0
DA:102,0
DA:104,0
DA:105,9
DA:106,9
DA:111,18
DA:112,6
DA:114,3
DA:129,1
DA:130,3
DA:131,2
DA:132,2
DA:136,2
DA:137,4
DA:138,0
DA:139,4
DA:140,0
DA:142,3
DA:143,3
DA:145,2
DA:146,3
DA:147,3
DA:148,3
DA:151,2
DA:152,2
DA:155,2
DA:156,0
DA:158,3
DA:161,1
LF:83
LH:76
end_of_record
TN:
SF:/Users/grey/ORSGraph/src/main.rs
FN:275,Progress::new
FN:285,Progress::tick
FN:303,Progress::tick_fail
FN:322,Progress::summary
FN:335,format_duration
FN:348,main
FN:646,run_parse_cached
FN:752,run_resolve_citations
FN:873,citation_target_exists
FN:896,run_seed
FN:1457,log_seed_phase_done
FN:1473,find_chunk_files
FN:1491,preflight_seed_graph_dir
FN:1528,run_crawl
FN:1942,discover_public_law_chapters
FN:2092,fetch_bytes
FN:2115,fetch_with_retry
FN:2138,append_jsonl
FN:2153,write_derived_graph_nodes
FN:2197,append_derived_graph_nodes
FN:2248,ensure_dirs
FN:2257,parse_chapter_list
FN:2280,official_chapter_url
FN:2287,raw_chapter_path
FN:2291,read_raw_html
FN:2297,chapter_pad
FN:2305,chapter_sort_key
FN:2311,calculate_embedding_input_hash
FNF:28
FNDA:0,Progress::new
FNDA:0,Progress::tick
FNDA:0,Progress::tick_fail
FNDA:0,Progress::summary
FNDA:0,format_duration
FNDA:0,main
FNDA:0,run_parse_cached
FNDA:0,run_resolve_citations
FNDA:0,citation_target_exists
FNDA:0,run_seed
FNDA:0,log_seed_phase_done
FNDA:0,find_chunk_files
FNDA:0,preflight_seed_graph_dir
FNDA:0,run_crawl
FNDA:0,discover_public_law_chapters
FNDA:0,fetch_bytes
FNDA:0,fetch_with_retry
FNDA:0,append_jsonl
FNDA:0,write_derived_graph_nodes
FNDA:0,append_derived_graph_nodes
FNDA:0,ensure_dirs
FNDA:0,parse_chapter_list
FNDA:0,official_chapter_url
FNDA:0,raw_chapter_path
FNDA:0,read_raw_html
FNDA:0,chapter_pad
FNDA:0,chapter_sort_key
FNDA:0,calculate_embedding_input_hash
DA:275,0
DA:281,0
DA:285,0
DA:286,0
DA:287,0
DA:288,0
DA:289,0
DA:290,0
DA:291,0
DA:299,0
DA:303,0
DA:304,0
DA:305,0
DA:306,0
DA:307,0
DA:308,0
DA:309,0
DA:310,0
DA:318,0
DA:322,0
DA:323,0
DA:324,0
DA:327,0
DA:330,0
DA:335,0
DA:336,0
DA:337,0
DA:338,0
DA:339,0
DA:341,0
DA:348,0
DA:349,0
DA:351,0
DA:353,0
DA:354,0
DA:355,0
DA:356,0
DA:357,0
DA:358,0
DA:359,0
DA:360,0
DA:361,0
DA:362,0
DA:363,0
DA:364,0
DA:366,0
DA:367,0
DA:369,0
DA:370,0
DA:372,0
DA:373,0
DA:375,0
DA:376,0
DA:377,0
DA:378,0
DA:379,0
DA:380,0
DA:381,0
DA:382,0
DA:383,0
DA:385,0
DA:386,0
DA:387,0
DA:388,0
DA:392,0
DA:394,0
DA:396,0
DA:397,0
DA:400,0
DA:401,0
DA:404,0
DA:405,0
DA:407,0
DA:408,0
DA:409,0
DA:410,0
DA:411,0
DA:414,0
DA:415,0
DA:416,0
DA:417,0
DA:423,0
DA:424,0
DA:425,0
DA:426,0
DA:427,0
DA:428,0
DA:429,0
DA:430,0
DA:431,0
DA:432,0
DA:433,0
DA:434,0
DA:435,0
DA:436,0
DA:437,0
DA:438,0
DA:439,0
DA:440,0
DA:441,0
DA:444,0
DA:446,0
DA:447,0
DA:450,0
DA:452,0
DA:453,0
DA:454,0
DA:455,0
DA:456,0
DA:457,0
DA:458,0
DA:459,0
DA:460,0
DA:461,0
DA:463,0
DA:464,0
DA:465,0
DA:466,0
DA:467,0
DA:468,0
DA:469,0
DA:470,0
DA:472,0
DA:473,0
DA:475,0
DA:476,0
DA:477,0
DA:478,0
DA:479,0
DA:480,0
DA:481,0
DA:482,0
DA:483,0
DA:484,0
DA:485,0
DA:486,0
DA:487,0
DA:489,0
DA:490,0
DA:491,0
DA:492,0
DA:493,0
DA:494,0
DA:495,0
DA:496,0
DA:497,0
DA:498,0
DA:500,0
DA:502,0
DA:504,0
DA:505,0
DA:506,0
DA:507,0
DA:509,0
DA:510,0
DA:511,0
DA:512,0
DA:513,0
DA:517,0
DA:518,0
DA:519,0
DA:520,0
DA:521,0
DA:522,0
DA:523,0
DA:524,0
DA:525,0
DA:526,0
DA:527,0
DA:528,0
DA:529,0
DA:530,0
DA:531,0
DA:532,0
DA:533,0
DA:534,0
DA:535,0
DA:536,0
DA:537,0
DA:538,0
DA:539,0
DA:542,0
DA:543,0
DA:544,0
DA:548,0
DA:549,0
DA:550,0
DA:553,0
DA:554,0
DA:555,0
DA:556,0
DA:557,0
DA:558,0
DA:559,0
DA:560,0
DA:561,0
DA:562,0
DA:563,0
DA:564,0
DA:565,0
DA:566,0
DA:567,0
DA:569,0
DA:570,0
DA:572,0
DA:573,0
DA:574,0
DA:575,0
DA:576,0
DA:577,0
DA:578,0
DA:579,0
DA:580,0
DA:581,0
DA:583,0
DA:584,0
DA:585,0
DA:586,0
DA:587,0
DA:588,0
DA:589,0
DA:591,0
DA:592,0
DA:593,0
DA:594,0
DA:596,0
DA:597,0
DA:598,0
DA:599,0
DA:600,0
DA:601,0
DA:602,0
DA:603,0
DA:604,0
DA:606,0
DA:607,0
DA:608,0
DA:609,0
DA:610,0
DA:611,0
DA:613,0
DA:614,0
DA:615,0
DA:616,0
DA:617,0
DA:618,0
DA:619,0
DA:620,0
DA:621,0
DA:623,0
DA:624,0
DA:625,0
DA:626,0
DA:629,0
DA:631,0
DA:632,0
DA:633,0
DA:634,0
DA:637,0
DA:638,0
DA:639,0
DA:646,0
DA:653,0
DA:654,0
DA:655,0
DA:658,0
DA:659,0
DA:661,0
DA:662,0
DA:663,0
DA:664,0
DA:665,0
DA:667,0
DA:668,0
DA:670,0
DA:671,0
DA:672,0
DA:675,0
DA:676,0
DA:678,0
DA:679,0
DA:680,0
DA:681,0
DA:682,0
DA:683,0
DA:685,0
DA:686,0
DA:687,0
DA:688,0
DA:691,0
DA:692,0
DA:695,0
DA:696,0
DA:699,0
DA:700,0
DA:702,0
DA:704,0
DA:705,0
DA:707,0
DA:708,0
DA:709,0
DA:712,0
DA:713,0
DA:714,0
DA:715,0
DA:718,0
DA:719,0
DA:720,0
DA:722,0
DA:728,0
DA:729,0
DA:730,0
DA:735,0
DA:736,0
DA:737,0
DA:741,0
DA:743,0
DA:744,0
DA:747,0
DA:752,0
DA:753,0
DA:756,0
DA:757,0
DA:759,0
DA:760,0
DA:761,0
DA:762,0
DA:763,0
DA:767,0
DA:769,0
DA:770,0
DA:771,0
DA:775,0
DA:776,0
DA:777,0
DA:778,0
DA:780,0
DA:783,0
DA:784,0
DA:785,0
DA:788,0
DA:790,0
DA:791,0
DA:799,0
DA:800,0
DA:806,0
DA:807,0
DA:813,0
DA:814,0
DA:821,0
DA:824,0
DA:825,0
DA:826,0
DA:827,0
DA:830,0
DA:831,0
DA:832,0
DA:833,0
DA:834,0
DA:836,0
DA:838,0
DA:840,0
DA:841,0
DA:842,0
DA:850,0
DA:851,0
DA:852,0
DA:853,0
DA:854,0
DA:863,0
DA:864,0
DA:866,0
DA:869,0
DA:870,0
DA:873,0
DA:879,0
DA:880,0
DA:883,0
DA:884,0
DA:887,0
DA:888,0
DA:889,0
DA:891,0
DA:896,0
DA:913,0
DA:914,0
DA:915,0
DA:916,0
DA:917,0
DA:925,0
DA:926,0
DA:928,0
DA:929,0
DA:930,0
DA:931,0
DA:933,0
DA:934,0
DA:937,0
DA:938,0
DA:939,0
DA:940,0
DA:941,0
DA:944,0
DA:945,0
DA:946,0
DA:947,0
DA:948,0
DA:949,0
DA:950,0
DA:951,0
DA:953,0
DA:954,0
DA:955,0
DA:956,0
DA:957,0
DA:959,0
DA:962,0
DA:963,0
DA:964,0
DA:965,0
DA:966,0
DA:967,0
DA:968,0
DA:969,0
DA:971,0
DA:972,0
DA:973,0
DA:974,0
DA:975,0
DA:977,0
DA:980,0
DA:981,0
DA:982,0
DA:983,0
DA:984,0
DA:985,0
DA:986,0
DA:987,0
DA:989,0
DA:990,0
DA:991,0
DA:993,0
DA:994,0
DA:995,0
DA:996,0
DA:997,0
DA:999,0
DA:1001,0
DA:1002,0
DA:1003,0
DA:1004,0
DA:1006,0
DA:1009,0
DA:1010,0
DA:1011,0
DA:1012,0
DA:1014,0
DA:1015,0
DA:1016,0
DA:1017,0
DA:1018,0
DA:1019,0
DA:1020,0
DA:1022,0
DA:1023,0
DA:1024,0
DA:1026,0
DA:1027,0
DA:1028,0
DA:1029,0
DA:1031,0
DA:1033,0
DA:1034,0
DA:1035,0
DA:1036,0
DA:1038,0
DA:1041,0
DA:1042,0
DA:1043,0
DA:1044,0
DA:1045,0
DA:1046,0
DA:1047,0
DA:1048,0
DA:1050,0
DA:1051,0
DA:1052,0
DA:1053,0
DA:1054,0
DA:1056,0
DA:1059,0
DA:1060,0
DA:1061,0
DA:1062,0
DA:1063,0
DA:1064,0
DA:1065,0
DA:1067,0
DA:1068,0
DA:1069,0
DA:1070,0
DA:1071,0
DA:1073,0
DA:1076,0
DA:1077,0
DA:1078,0
DA:1079,0
DA:1080,0
DA:1081,0
DA:1082,0
DA:1083,0
DA:1084,0
DA:1086,0
DA:1087,0
DA:1088,0
DA:1089,0
DA:1090,0
DA:1091,0
DA:1093,0
DA:1095,0
DA:1096,0
DA:1097,0
DA:1100,0
DA:1121,0
DA:1122,0
DA:1127,0
DA:1128,0
DA:1133,0
DA:1134,0
DA:1139,0
DA:1140,0
DA:1145,0
DA:1146,0
DA:1151,0
DA:1152,0
DA:1157,0
DA:1158,0
DA:1163,0
DA:1164,0
DA:1169,0
DA:1170,0
DA:1175,0
DA:1176,0
DA:1181,0
DA:1182,0
DA:1187,0
DA:1188,0
DA:1193,0
DA:1194,0
DA:1199,0
DA:1200,0
DA:1205,0
DA:1206,0
DA:1213,0
DA:1215,0
DA:1216,0
DA:1217,0
DA:1218,0
DA:1219,0
DA:1220,0
DA:1222,0
DA:1223,0
DA:1224,0
DA:1225,0
DA:1226,0
DA:1227,0
DA:1229,0
DA:1230,0
DA:1231,0
DA:1232,0
DA:1233,0
DA:1234,0
DA:1236,0
DA:1237,0
DA:1238,0
DA:1239,0
DA:1240,0
DA:1241,0
DA:1243,0
DA:1244,0
DA:1245,0
DA:1246,0
DA:1247,0
DA:1248,0
DA:1250,0
DA:1251,0
DA:1252,0
DA:1253,0
DA:1254,0
DA:1255,0
DA:1257,0
DA:1258,0
DA:1259,0
DA:1260,0
DA:1261,0
DA:1262,0
DA:1264,0
DA:1265,0
DA:1266,0
DA:1267,0
DA:1270,0
DA:1271,0
DA:1272,0
DA:1273,0
DA:1274,0
DA:1275,0
DA:1276,0
DA:1278,0
DA:1279,0
DA:1280,0
DA:1281,0
DA:1282,0
DA:1284,0
DA:1288,0
DA:1289,0
DA:1290,0
DA:1291,0
DA:1294,0
DA:1295,0
DA:1296,0
DA:1297,0
DA:1298,0
DA:1299,0
DA:1300,0
DA:1302,0
DA:1303,0
DA:1309,0
DA:1310,0
DA:1311,0
DA:1313,0
DA:1314,0
DA:1315,0
DA:1316,0
DA:1317,0
DA:1321,0
DA:1322,0
DA:1323,0
DA:1324,0
DA:1327,0
DA:1328,0
DA:1329,0
DA:1332,0
DA:1335,0
DA:1337,0
DA:1338,0
DA:1339,0
DA:1340,0
DA:1341,0
DA:1343,0
DA:1345,0
DA:1346,0
DA:1347,0
DA:1350,0
DA:1351,0
DA:1352,0
DA:1354,0
DA:1355,0
DA:1356,0
DA:1358,0
DA:1359,0
DA:1364,0
DA:1366,0
DA:1367,0
DA:1369,0
DA:1372,0
DA:1373,0
DA:1374,0
DA:1375,0
DA:1377,0
DA:1380,0
DA:1381,0
DA:1382,0
DA:1385,0
DA:1386,0
DA:1389,0
DA:1391,0
DA:1397,0
DA:1398,0
DA:1400,0
DA:1401,0
DA:1402,0
DA:1403,0
DA:1405,0
DA:1407,0
DA:1408,0
DA:1409,0
DA:1410,0
DA:1411,0
DA:1412,0
DA:1413,0
DA:1414,0
DA:1418,0
DA:1420,0
DA:1421,0
DA:1422,0
DA:1423,0
DA:1424,0
DA:1425,0
DA:1428,0
DA:1429,0
DA:1430,0
DA:1434,0
DA:1435,0
DA:1440,0
DA:1441,0
DA:1443,0
DA:1451,0
DA:1452,0
DA:1453,0
DA:1454,0
DA:1457,0
DA:1458,0
DA:1459,0
DA:1460,0
DA:1461,0
DA:1465,0
DA:1469,0
DA:1473,0
DA:1474,0
DA:1475,0
DA:1476,0
DA:1477,0
DA:1478,0
DA:1479,0
DA:1480,0
DA:1482,0
DA:1484,0
DA:1488,0
DA:1491,0
DA:1492,0
DA:1493,0
DA:1496,0
DA:1497,0
DA:1498,0
DA:1499,0
DA:1500,0
DA:1501,0
DA:1502,0
DA:1504,0
DA:1505,0
DA:1506,0
DA:1507,0
DA:1508,0
DA:1513,0
DA:1514,0
DA:1515,0
DA:1516,0
DA:1518,0
DA:1523,0
DA:1528,0
DA:1538,0
DA:1539,0
DA:1541,0
DA:1542,0
DA:1543,0
DA:1544,0
DA:1548,0
DA:1566,0
DA:1571,0
DA:1572,0
DA:1573,0
DA:1574,0
DA:1576,0
DA:1578,0
DA:1580,0
DA:1583,0
DA:1584,0
DA:1585,0
DA:1586,0
DA:1588,0
DA:1589,0
DA:1593,0
DA:1594,0
DA:1595,0
DA:1597,0
DA:1598,0
DA:1600,0
DA:1601,0
DA:1602,0
DA:1603,0
DA:1604,0
DA:1605,0
DA:1606,0
DA:1608,0
DA:1611,0
DA:1614,0
DA:1616,0
DA:1617,0
DA:1618,0
DA:1619,0
DA:1620,0
DA:1621,0
DA:1622,0
DA:1623,0
DA:1624,0
DA:1625,0
DA:1628,0
DA:1629,0
DA:1630,0
DA:1631,0
DA:1632,0
DA:1633,0
DA:1639,0
DA:1641,0
DA:1645,0
DA:1650,0
DA:1651,0
DA:1653,0
DA:1655,0
DA:1657,0
DA:1658,0
DA:1661,0
DA:1663,0
DA:1664,0
DA:1665,0
DA:1669,0
DA:1671,0
DA:1672,0
DA:1673,0
DA:1675,0
DA:1677,0
DA:1678,0
DA:1679,0
DA:1680,0
DA:1681,0
DA:1682,0
DA:1684,0
DA:1685,0
DA:1686,0
DA:1687,0
DA:1690,0
DA:1691,0
DA:1694,0
DA:1695,0
DA:1698,0
DA:1699,0
DA:1701,0
DA:1703,0
DA:1704,0
DA:1706,0
DA:1707,0
DA:1708,0
DA:1711,0
DA:1712,0
DA:1713,0
DA:1714,0
DA:1717,0
DA:1718,0
DA:1719,0
DA:1720,0
DA:1721,0
DA:1722,0
DA:1723,0
DA:1727,0
DA:1728,0
DA:1730,0
DA:1731,0
DA:1732,0
DA:1733,0
DA:1734,0
DA:1739,0
DA:1740,0
DA:1741,0
DA:1746,0
DA:1751,0
DA:1752,0
DA:1753,0
DA:1757,0
DA:1758,0
DA:1760,0
DA:1762,0
DA:1763,0
DA:1764,0
DA:1765,0
DA:1768,0
DA:1769,0
DA:1771,0
DA:1772,0
DA:1773,0
DA:1777,0
DA:1778,0
DA:1779,0
DA:1780,0
DA:1782,0
DA:1785,0
DA:1786,0
DA:1788,0
DA:1789,0
DA:1791,0
DA:1800,0
DA:1801,0
DA:1807,0
DA:1808,0
DA:1814,0
DA:1815,0
DA:1816,0
DA:1817,0
DA:1818,0
DA:1819,0
DA:1820,0
DA:1821,0
DA:1822,0
DA:1825,0
DA:1828,0
DA:1829,0
DA:1830,0
DA:1831,0
DA:1834,0
DA:1835,0
DA:1836,0
DA:1837,0
DA:1838,0
DA:1839,0
DA:1840,0
DA:1842,0
DA:1844,0
DA:1846,0
DA:1847,0
DA:1848,0
DA:1856,0
DA:1857,0
DA:1858,0
DA:1859,0
DA:1860,0
DA:1861,0
DA:1862,0
DA:1864,0
DA:1865,0
DA:1874,0
DA:1875,0
DA:1877,0
DA:1881,0
DA:1884,0
DA:1889,0
DA:1890,0
DA:1891,0
DA:1894,0
DA:1895,0
DA:1898,0
DA:1899,0
DA:1900,0
DA:1905,0
DA:1907,0
DA:1908,0
DA:1915,0
DA:1919,0
DA:1920,0
DA:1924,0
DA:1925,0
DA:1932,0
DA:1933,0
DA:1935,0
DA:1937,0
DA:1942,0
DA:1945,0
DA:1946,0
DA:1947,0
DA:1949,0
DA:1950,0
DA:1951,0
DA:1953,0
DA:1956,0
DA:1957,0
DA:1958,0
DA:1959,0
DA:1960,0
DA:1963,0
DA:1968,0
DA:1969,0
DA:1970,0
DA:1971,0
DA:1973,0
DA:1974,0
DA:1975,0
DA:1976,0
DA:1977,0
DA:1978,0
DA:1979,0
DA:1982,0
DA:1983,0
DA:1987,0
DA:1989,0
DA:1993,0
DA:1994,0
DA:1995,0
DA:1996,0
DA:1997,0
DA:1998,0
DA:1999,0
DA:2000,0
DA:2001,0
DA:2002,0
DA:2003,0
DA:2004,0
DA:2005,0
DA:2006,0
DA:2007,0
DA:2010,0
DA:2011,0
DA:2015,0
DA:2017,0
DA:2018,0
DA:2022,0
DA:2023,0
DA:2025,0
DA:2026,0
DA:2032,0
DA:2035,0
DA:2036,0
DA:2037,0
DA:2038,0
DA:2039,0
DA:2040,0
DA:2041,0
DA:2042,0
DA:2043,0
DA:2044,0
DA:2045,0
DA:2046,0
DA:2047,0
DA:2048,0
DA:2053,0
DA:2054,0
DA:2055,0
DA:2056,0
DA:2059,0
DA:2060,0
DA:2061,0
DA:2066,0
DA:2068,0
DA:2069,0
DA:2070,0
DA:2073,0
DA:2074,0
DA:2075,0
DA:2079,0
DA:2092,0
DA:2093,0
DA:2094,0
DA:2096,0
DA:2097,0
DA:2098,0
DA:2099,0
DA:2100,0
DA:2102,0
DA:2104,0
DA:2105,0
DA:2106,0
DA:2107,0
DA:2108,0
DA:2109,0
DA:2110,0
DA:2111,0
DA:2115,0
DA:2116,0
DA:2117,0
DA:2118,0
DA:2119,0
DA:2120,0
DA:2121,0
DA:2122,0
DA:2123,0
DA:2124,0
DA:2128,0
DA:2133,0
DA:2138,0
DA:2140,0
DA:2143,0
DA:2144,0
DA:2145,0
DA:2146,0
DA:2147,0
DA:2149,0
DA:2150,0
DA:2153,0
DA:2154,0
DA:2155,0
DA:2158,0
DA:2159,0
DA:2161,0
DA:2163,0
DA:2164,0
DA:2167,0
DA:2168,0
DA:2171,0
DA:2172,0
DA:2175,0
DA:2176,0
DA:2178,0
DA:2180,0
DA:2181,0
DA:2183,0
DA:2185,0
DA:2186,0
DA:2188,0
DA:2189,0
DA:2190,0
DA:2191,0
DA:2192,0
DA:2194,0
DA:2197,0
DA:2198,0
DA:2199,0
DA:2202,0
DA:2203,0
DA:2206,0
DA:2207,0
DA:2210,0
DA:2211,0
DA:2213,0
DA:2215,0
DA:2216,0
DA:2219,0
DA:2220,0
DA:2223,0
DA:2224,0
DA:2226,0
DA:2227,0
DA:2228,0
DA:2229,0
DA:2230,0
DA:2233,0
DA:2234,0
DA:2237,0
DA:2238,0
DA:2241,0
DA:2242,0
DA:2245,0
DA:2248,0
DA:2249,0
DA:2250,0
DA:2251,0
DA:2252,0
DA:2257,0
DA:2258,0
DA:2259,0
DA:2260,0
DA:2261,0
DA:2262,0
DA:2264,0
DA:2265,0
DA:2266,0
DA:2267,0
DA:2268,0
DA:2270,0
DA:2271,0
DA:2274,0
DA:2277,0
DA:2280,0
DA:2281,0
DA:2283,0
DA:2287,0
DA:2288,0
DA:2291,0
DA:2292,0
DA:2293,0
DA:2294,0
DA:2297,0
DA:2298,0
DA:2299,0
DA:2301,0
DA:2305,0
DA:2306,0
DA:2307,0
DA:2308,0
DA:2311,0
DA:2313,0
DA:2314,0
DA:2315,0
LF:1169
LH:0
end_of_record
TN:
SF:/Users/grey/ORSGraph/src/neo4j_loader.rs
FN:16,needs_embedding_for_metadata
FN:41,SeedBatchConfig::new
FN:66,Neo4jLoader::load_query
FN:72,Neo4jLoader::with_transaction_batch
FN:99,Neo4jLoader::new
FN:109,Neo4jLoader::run_query
FN:126,Neo4jLoader::create_constraints
FN:210,Neo4jLoader::clear_database
FN:238,Neo4jLoader::load_jurisdictions
FN:250,Neo4jLoader::load_public_bodies
FN:262,Neo4jLoader::load_corpus
FN:275,Neo4jLoader::load_corpus_editions
FN:294,Neo4jLoader::load_chapter_versions
FN:307,Neo4jLoader::load_source_documents
FN:323,Neo4jLoader::load_identities
FN:340,Neo4jLoader::load_versions
FN:357,Neo4jLoader::load_provisions
FN:374,Neo4jLoader::load_citation_mentions
FN:391,Neo4jLoader::load_chapter_headings
FN:408,Neo4jLoader::load_chunks
FN:414,Neo4jLoader::load_status_events
FN:424,Neo4jLoader::load_amendments
FN:434,Neo4jLoader::load_session_laws
FN:444,Neo4jLoader::load_time_intervals
FN:454,Neo4jLoader::load_defined_terms
FN:464,Neo4jLoader::load_definitions
FN:474,Neo4jLoader::load_definition_scopes
FN:484,Neo4jLoader::load_legal_semantic_nodes
FN:494,Neo4jLoader::load_obligations
FN:504,Neo4jLoader::load_exceptions
FN:514,Neo4jLoader::load_deadlines
FN:520,Neo4jLoader::load_penalties
FN:526,Neo4jLoader::load_remedies
FN:532,Neo4jLoader::load_legal_actors
FN:542,Neo4jLoader::load_legal_actions
FN:562,Neo4jLoader::materialize_structural_edges
FN:594,Neo4jLoader::materialize_identity_version_edges
FN:611,Neo4jLoader::enforce_current_flags
FN:628,Neo4jLoader::materialize_version_provision_edges
FN:647,Neo4jLoader::materialize_provision_hierarchy_edges
FN:666,Neo4jLoader::materialize_chunk_edges
FN:706,Neo4jLoader::materialize_source_edges
FN:727,Neo4jLoader::materialize_citation_edges
FN:745,Neo4jLoader::create_cites_edges
FN:844,Neo4jLoader::get_embedding_targets
FN:915,Neo4jLoader::filter_chunks_needing_embedding
FN:954,Neo4jLoader::get_embedding_stats
FN:988,Neo4jLoader::vector_search_stream
FN:1056,Neo4jLoader::vector_search
FN:1124,Neo4jLoader::hybrid_search
FN:1193,Neo4jLoader::fulltext_search
FN:1231,Neo4jLoader::get_enriched_context
FN:1332,Neo4jLoader::update_embeddings
FN:1338,Neo4jLoader::update_node_embeddings
FN:1365,Neo4jLoader::warmup_vector_index
FN:1391,Neo4jLoader::verify_vector_index
FN:1438,Neo4jLoader::vector_search_filtered
FN:1515,Neo4jLoader::run_rows
FN:1520,Neo4jLoader::run_rows_with_batch
FN:1541,Neo4jLoader::health_check
FN:1560,Neo4jLoader::supports_search_clause
FN:1586,extract_string_from_map
FN:1598,parse_enriched_citation
FN:1608,parse_enriched_definition
FN:1617,neo4j_value_to_bolt
FNF:65
FNDA:5,needs_embedding_for_metadata
FNDA:0,SeedBatchConfig::new
FNDA:0,Neo4jLoader::load_query
FNDA:0,Neo4jLoader::with_transaction_batch
FNDA:0,Neo4jLoader::new
FNDA:0,Neo4jLoader::run_query
FNDA:0,Neo4jLoader::create_constraints
FNDA:0,Neo4jLoader::clear_database
FNDA:0,Neo4jLoader::load_jurisdictions
FNDA:0,Neo4jLoader::load_public_bodies
FNDA:0,Neo4jLoader::load_corpus
FNDA:0,Neo4jLoader::load_corpus_editions
FNDA:0,Neo4jLoader::load_chapter_versions
FNDA:0,Neo4jLoader::load_source_documents
FNDA:0,Neo4jLoader::load_identities
FNDA:0,Neo4jLoader::load_versions
FNDA:0,Neo4jLoader::load_provisions
FNDA:0,Neo4jLoader::load_citation_mentions
FNDA:0,Neo4jLoader::load_chapter_headings
FNDA:0,Neo4jLoader::load_chunks
FNDA:0,Neo4jLoader::load_status_events
FNDA:0,Neo4jLoader::load_amendments
FNDA:0,Neo4jLoader::load_session_laws
FNDA:0,Neo4jLoader::load_time_intervals
FNDA:0,Neo4jLoader::load_defined_terms
FNDA:0,Neo4jLoader::load_definitions
FNDA:0,Neo4jLoader::load_definition_scopes
FNDA:0,Neo4jLoader::load_legal_semantic_nodes
FNDA:0,Neo4jLoader::load_obligations
FNDA:0,Neo4jLoader::load_exceptions
FNDA:0,Neo4jLoader::load_deadlines
FNDA:0,Neo4jLoader::load_penalties
FNDA:0,Neo4jLoader::load_remedies
FNDA:0,Neo4jLoader::load_legal_actors
FNDA:0,Neo4jLoader::load_legal_actions
FNDA:0,Neo4jLoader::materialize_structural_edges
FNDA:0,Neo4jLoader::materialize_identity_version_edges
FNDA:0,Neo4jLoader::enforce_current_flags
FNDA:0,Neo4jLoader::materialize_version_provision_edges
FNDA:0,Neo4jLoader::materialize_provision_hierarchy_edges
FNDA:0,Neo4jLoader::materialize_chunk_edges
FNDA:0,Neo4jLoader::materialize_source_edges
FNDA:0,Neo4jLoader::materialize_citation_edges
FNDA:0,Neo4jLoader::create_cites_edges
FNDA:0,Neo4jLoader::get_embedding_targets
FNDA:0,Neo4jLoader::filter_chunks_needing_embedding
FNDA:0,Neo4jLoader::get_embedding_stats
FNDA:0,Neo4jLoader::vector_search_stream
FNDA:0,Neo4jLoader::vector_search
FNDA:0,Neo4jLoader::hybrid_search
FNDA:0,Neo4jLoader::fulltext_search
FNDA:0,Neo4jLoader::get_enriched_context
FNDA:0,Neo4jLoader::update_embeddings
FNDA:0,Neo4jLoader::update_node_embeddings
FNDA:0,Neo4jLoader::warmup_vector_index
FNDA:0,Neo4jLoader::verify_vector_index
FNDA:0,Neo4jLoader::vector_search_filtered
FNDA:0,Neo4jLoader::run_rows
FNDA:0,Neo4jLoader::run_rows_with_batch
FNDA:0,Neo4jLoader::health_check
FNDA:5,Neo4jLoader::supports_search_clause
FNDA:5,extract_string_from_map
FNDA:1,parse_enriched_citation
FNDA:1,parse_enriched_definition
FNDA:0,neo4j_value_to_bolt
DA:16,5
DA:25,5
DA:26,16
DA:27,12
DA:28,4
DA:29,4
DA:30,2
DA:41,0
DA:47,0
DA:48,0
DA:49,0
DA:66,0
DA:67,0
DA:68,0
DA:69,0
DA:72,0
DA:73,0
DA:75,0
DA:78,0
DA:82,0
DA:86,0
DA:99,0
DA:100,0
DA:101,0
DA:102,0
DA:103,0
DA:105,0
DA:106,0
DA:109,0
DA:110,0
DA:111,0
DA:126,0
DA:132,0
DA:136,0
DA:138,0
DA:139,0
DA:143,0
DA:145,0
DA:146,0
DA:148,0
DA:152,0
DA:154,0
DA:160,0
DA:162,0
DA:168,0
DA:171,0
DA:179,0
DA:181,0
DA:188,0
DA:190,0
DA:197,0
DA:200,0
DA:210,0
DA:212,0
DA:214,0
DA:215,0
DA:216,0
DA:217,0
DA:218,0
DA:219,0
DA:220,0
DA:221,0
DA:222,0
DA:223,0
DA:226,0
DA:229,0
DA:238,0
DA:239,0
DA:240,0
DA:241,0
DA:250,0
DA:251,0
DA:252,0
DA:253,0
DA:262,0
DA:263,0
DA:264,0
DA:265,0
DA:275,0
DA:276,0
DA:277,0
DA:278,0
DA:280,0
DA:281,0
DA:282,0
DA:284,0
DA:285,0
DA:294,0
DA:295,0
DA:296,0
DA:297,0
DA:307,0
DA:312,0
DA:313,0
DA:323,0
DA:328,0
DA:329,0
DA:330,0
DA:340,0
DA:345,0
DA:346,0
DA:347,0
DA:357,0
DA:362,0
DA:363,0
DA:364,0
DA:374,0
DA:379,0
DA:380,0
DA:381,0
DA:391,0
DA:396,0
DA:397,0
DA:398,0
DA:408,0
DA:409,0
DA:410,0
DA:411,0
DA:414,0
DA:419,0
DA:420,0
DA:421,0
DA:424,0
DA:429,0
DA:430,0
DA:431,0
DA:434,0
DA:439,0
DA:440,0
DA:441,0
DA:444,0
DA:449,0
DA:450,0
DA:451,0
DA:454,0
DA:459,0
DA:460,0
DA:461,0
DA:464,0
DA:469,0
DA:470,0
DA:471,0
DA:474,0
DA:479,0
DA:480,0
DA:481,0
DA:484,0
DA:489,0
DA:490,0
DA:491,0
DA:494,0
DA:499,0
DA:500,0
DA:501,0
DA:504,0
DA:509,0
DA:510,0
DA:511,0
DA:514,0
DA:515,0
DA:516,0
DA:517,0
DA:520,0
DA:521,0
DA:522,0
DA:523,0
DA:526,0
DA:527,0
DA:528,0
DA:529,0
DA:532,0
DA:537,0
DA:538,0
DA:539,0
DA:542,0
DA:547,0
DA:548,0
DA:549,0
DA:562,0
DA:567,0
DA:569,0
DA:570,0
DA:572,0
DA:574,0
DA:575,0
DA:576,0
DA:578,0
DA:581,0
DA:582,0
DA:584,0
DA:585,0
DA:594,0
DA:599,0
DA:600,0
DA:602,0
DA:603,0
DA:611,0
DA:612,0
DA:613,0
DA:614,0
DA:615,0
DA:616,0
DA:617,0
DA:618,0
DA:619,0
DA:628,0
DA:633,0
DA:634,0
DA:636,0
DA:637,0
DA:647,0
DA:652,0
DA:653,0
DA:655,0
DA:656,0
DA:666,0
DA:667,0
DA:677,0
DA:679,0
DA:681,0
DA:690,0
DA:692,0
DA:693,0
DA:706,0
DA:708,0
DA:709,0
DA:711,0
DA:712,0
DA:727,0
DA:729,0
DA:730,0
DA:732,0
DA:735,0
DA:736,0
DA:738,0
DA:739,0
DA:745,0
DA:747,0
DA:748,0
DA:749,0
DA:750,0
DA:751,0
DA:752,0
DA:753,0
DA:754,0
DA:755,0
DA:758,0
DA:759,0
DA:760,0
DA:761,0
DA:762,0
DA:763,0
DA:764,0
DA:765,0
DA:766,0
DA:767,0
DA:771,0
DA:772,0
DA:773,0
DA:774,0
DA:775,0
DA:776,0
DA:777,0
DA:778,0
DA:779,0
DA:780,0
DA:784,0
DA:785,0
DA:786,0
DA:787,0
DA:788,0
DA:789,0
DA:790,0
DA:791,0
DA:792,0
DA:793,0
DA:797,0
DA:798,0
DA:799,0
DA:800,0
DA:801,0
DA:802,0
DA:803,0
DA:804,0
DA:805,0
DA:806,0
DA:810,0
DA:811,0
DA:812,0
DA:813,0
DA:814,0
DA:815,0
DA:816,0
DA:817,0
DA:818,0
DA:819,0
DA:821,0
DA:822,0
DA:823,0
DA:825,0
DA:826,0
DA:827,0
DA:828,0
DA:829,0
DA:830,0
DA:831,0
DA:833,0
DA:834,0
DA:835,0
DA:836,0
DA:837,0
DA:838,0
DA:839,0
DA:840,0
DA:844,0
DA:852,0
DA:853,0
DA:863,0
DA:875,0
DA:888,0
DA:891,0
DA:892,0
DA:894,0
DA:895,0
DA:896,0
DA:897,0
DA:898,0
DA:900,0
DA:902,0
DA:903,0
DA:904,0
DA:905,0
DA:906,0
DA:907,0
DA:909,0
DA:915,0
DA:920,0
DA:921,0
DA:922,0
DA:923,0
DA:924,0
DA:925,0
DA:926,0
DA:929,0
DA:931,0
DA:932,0
DA:933,0
DA:937,0
DA:938,0
DA:939,0
DA:940,0
DA:941,0
DA:943,0
DA:944,0
DA:945,0
DA:946,0
DA:949,0
DA:954,0
DA:955,0
DA:956,0
DA:958,0
DA:961,0
DA:973,0
DA:974,0
DA:975,0
DA:976,0
DA:977,0
DA:978,0
DA:979,0
DA:981,0
DA:988,0
DA:997,0
DA:998,0
DA:999,0
DA:1000,0
DA:1001,0
DA:1002,0
DA:1003,0
DA:1004,0
DA:1005,0
DA:1006,0
DA:1007,0
DA:1008,0
DA:1009,0
DA:1011,0
DA:1012,0
DA:1014,0
DA:1015,0
DA:1016,0
DA:1018,0
DA:1021,0
DA:1022,0
DA:1023,0
DA:1024,0
DA:1025,0
DA:1026,0
DA:1027,0
DA:1028,0
DA:1030,0
DA:1031,0
DA:1035,0
DA:1056,0
DA:1064,0
DA:1066,0
DA:1067,0
DA:1068,0
DA:1069,0
DA:1070,0
DA:1071,0
DA:1075,0
DA:1076,0
DA:1080,0
DA:1081,0
DA:1082,0
DA:1083,0
DA:1084,0
DA:1085,0
DA:1086,0
DA:1087,0
DA:1088,0
DA:1089,0
DA:1090,0
DA:1091,0
DA:1094,0
DA:1095,0
DA:1096,0
DA:1098,0
DA:1101,0
DA:1102,0
DA:1104,0
DA:1105,0
DA:1106,0
DA:1107,0
DA:1108,0
DA:1109,0
DA:1112,0
DA:1124,0
DA:1131,0
DA:1132,0
DA:1134,0
DA:1135,0
DA:1136,0
DA:1137,0
DA:1138,0
DA:1139,0
DA:1140,0
DA:1141,0
DA:1142,0
DA:1143,0
DA:1144,0
DA:1146,0
DA:1147,0
DA:1149,0
DA:1150,0
DA:1151,0
DA:1152,0
DA:1153,0
DA:1154,0
DA:1155,0
DA:1156,0
DA:1158,0
DA:1160,0
DA:1161,0
DA:1162,0
DA:1163,0
DA:1164,0
DA:1165,0
DA:1166,0
DA:1167,0
DA:1169,0
DA:1170,0
DA:1172,0
DA:1173,0
DA:1174,0
DA:1175,0
DA:1176,0
DA:1178,0
DA:1180,0
DA:1181,0
DA:1182,0
DA:1183,0
DA:1184,0
DA:1185,0
DA:1186,0
DA:1189,0
DA:1193,0
DA:1198,0
DA:1199,0
DA:1200,0
DA:1201,0
DA:1202,0
DA:1203,0
DA:1204,0
DA:1205,0
DA:1206,0
DA:1207,0
DA:1209,0
DA:1210,0
DA:1212,0
DA:1213,0
DA:1214,0
DA:1216,0
DA:1218,0
DA:1219,0
DA:1220,0
DA:1221,0
DA:1222,0
DA:1223,0
DA:1224,0
DA:1227,0
DA:1231,0
DA:1235,0
DA:1236,0
DA:1240,0
DA:1241,0
DA:1242,0
DA:1243,0
DA:1244,0
DA:1247,0
DA:1248,0
DA:1249,0
DA:1250,0
DA:1251,0
DA:1254,0
DA:1255,0
DA:1256,0
DA:1257,0
DA:1258,0
DA:1259,0
DA:1260,0
DA:1261,0
DA:1262,0
DA:1263,0
DA:1264,0
DA:1268,0
DA:1269,0
DA:1270,0
DA:1271,0
DA:1272,0
DA:1273,0
DA:1274,0
DA:1275,0
DA:1276,0
DA:1277,0
DA:1280,0
DA:1281,0
DA:1282,0
DA:1283,0
DA:1284,0
DA:1285,0
DA:1286,0
DA:1288,0
DA:1289,0
DA:1291,0
DA:1292,0
DA:1293,0
DA:1294,0
DA:1295,0
DA:1298,0
DA:1299,0
DA:1300,0
DA:1302,0
DA:1306,0
DA:1307,0
DA:1308,0
DA:1310,0
DA:1313,0
DA:1314,0
DA:1315,0
DA:1316,0
DA:1317,0
DA:1318,0
DA:1319,0
DA:1320,0
DA:1321,0
DA:1322,0
DA:1323,0
DA:1328,0
DA:1332,0
DA:1333,0
DA:1334,0
DA:1338,0
DA:1344,0
DA:1359,0
DA:1365,0
DA:1366,0
DA:1367,0
DA:1368,0
DA:1369,0
DA:1370,0
DA:1371,0
DA:1372,0
DA:1373,0
DA:1374,0
DA:1375,0
DA:1376,0
DA:1377,0
DA:1378,0
DA:1379,0
DA:1380,0
DA:1381,0
DA:1391,0
DA:1392,0
DA:1393,0
DA:1394,0
DA:1395,0
DA:1396,0
DA:1397,0
DA:1398,0
DA:1399,0
DA:1400,0
DA:1401,0
DA:1407,0
DA:1412,0
DA:1416,0
DA:1438,0
DA:1449,0
DA:1450,0
DA:1451,0
DA:1452,0
DA:1453,0
DA:1454,0
DA:1455,0
DA:1458,0
DA:1459,0
DA:1461,0
DA:1462,0
DA:1464,0
DA:1465,0
DA:1467,0
DA:1468,0
DA:1470,0
DA:1471,0
DA:1474,0
DA:1475,0
DA:1476,0
DA:1477,0
DA:1478,0
DA:1479,0
DA:1480,0
DA:1481,0
DA:1482,0
DA:1483,0
DA:1484,0
DA:1485,0
DA:1488,0
DA:1489,0
DA:1490,0
DA:1492,0
DA:1493,0
DA:1495,0
DA:1496,0
DA:1498,0
DA:1499,0
DA:1502,0
DA:1503,0
DA:1504,0
DA:1505,0
DA:1506,0
DA:1507,0
DA:1508,0
DA:1509,0
DA:1512,0
DA:1515,0
DA:1516,0
DA:1517,0
DA:1520,0
DA:1526,0
DA:1527,0
DA:1529,0
DA:1532,0
DA:1534,0
DA:1536,0
DA:1541,0
DA:1542,0
DA:1543,0
DA:1544,0
DA:1545,0
DA:1546,0
DA:1547,0
DA:1548,0
DA:1549,0
DA:1550,0
DA:1551,0
DA:1553,0
DA:1560,5
DA:1561,18
DA:1562,2
DA:1564,6
DA:1565,6
DA:1566,3
DA:1569,2
DA:1573,1
DA:1586,5
DA:1590,15
DA:1591,10
DA:1592,10
DA:1593,0
DA:1598,1
DA:1602,4
DA:1603,4
DA:1604,2
DA:1608,1
DA:1612,4
DA:1613,2
DA:1617,0
DA:1618,0
DA:1619,0
DA:1620,0
DA:1621,0
DA:1622,0
DA:1623,0
DA:1624,0
DA:1626,0
DA:1629,0
DA:1630,0
DA:1631,0
DA:1632,0
DA:1634,0
DA:1635,0
DA:1636,0
DA:1637,0
DA:1639,0
DA:1641,0
LF:724
LH:26
end_of_record
TN:
SF:/Users/grey/ORSGraph/src/ors_dom_parser.rs
FN:84,parse_ors_chapter_html
FN:263,html_to_text
FN:276,html_to_paragraphs
FN:309,parse_toc_captions
FN:340,parse_body_sections
FN:409,is_structural_heading_text
FN:415,classify_section_para
FN:440,is_body_section_start
FN:458,is_other_chapter_section_start
FN:476,is_end_of_chapter
FN:494,parse_body_section_header
FN:556,classify_status
FN:619,status_from_text
FN:632,normalize_status_text
FN:641,is_parenthetical_heading_text
FN:650,is_heading_like_status_remainder
FN:670,derive_fallback_title
FN:694,derive_inline_caption_title
FN:726,is_roman_numeral
FN:732,marker_level
FN:746,build_provisions_for_section
FN:911,joined_root_text
FN:922,make_root_provision
FN:953,parse_leading_marker_chain
FN:975,display_citation
FN:989,provision_type_for_path
FN:1002,is_definition_candidate
FN:1022,is_exception_candidate
FN:1037,is_deadline_candidate
FN:1045,is_penalty_candidate
FNF:30
FNDA:10,parse_ors_chapter_html
FNDA:10,html_to_text
FNDA:10,html_to_paragraphs
FNDA:10,parse_toc_captions
FNDA:10,parse_body_sections
FNDA:9106,is_structural_heading_text
FNDA:4778,classify_section_para
FNDA:15926,is_body_section_start
FNDA:5928,is_other_chapter_section_start
FNDA:5930,is_end_of_chapter
FNDA:1075,parse_body_section_header
FNDA:1075,classify_status
FNDA:357,status_from_text
FNDA:344,normalize_status_text
FNDA:11,is_parenthetical_heading_text
FNDA:3,is_heading_like_status_remainder
FNDA:357,derive_fallback_title
FNDA:349,derive_inline_caption_title
FNDA:4053,is_roman_numeral
FNDA:9987,marker_level
FNDA:1075,build_provisions_for_section
FNDA:6,joined_root_text
FNDA:6,make_root_provision
FNDA:5665,parse_leading_marker_chain
FNDA:5521,display_citation
FNDA:5521,provision_type_for_path
FNDA:5527,is_definition_candidate
FNDA:5527,is_exception_candidate
FNDA:5527,is_deadline_candidate
FNDA:5527,is_penalty_candidate
DA:19,9
DA:22,9
DA:25,9
DA:28,9
DA:31,9
DA:33,9
DA:36,9
DA:38,9
DA:40,9
DA:42,9
DA:43,9
DA:44,3
DA:45,9
DA:48,9
DA:84,10
DA:90,30
DA:91,40
DA:92,40
DA:94,20
DA:97,30
DA:98,30
DA:99,30
DA:100,30
DA:101,30
DA:103,30
DA:109,30
DA:110,40
DA:111,50
DA:113,20
DA:114,20
DA:115,20
DA:116,20
DA:117,20
DA:118,20
DA:120,30
DA:121,30
DA:123,2170
DA:125,1075
DA:126,0
DA:127,0
DA:128,0
DA:129,0
DA:130,0
DA:131,0
DA:132,0
DA:133,0
DA:134,0
DA:136,0
DA:137,0
DA:138,0
DA:144,7012
DA:145,11784
DA:146,269
DA:147,356
DA:148,534
DA:149,267
DA:150,178
DA:151,89
DA:152,89
DA:153,89
DA:154,267
DA:156,267
DA:157,178
DA:158,89
DA:164,2150
DA:165,3225
DA:167,1075
DA:169,2150
DA:170,1081
DA:171,6
DA:173,2150
DA:175,2150
DA:176,1075
DA:178,7012
DA:179,12405
DA:182,5375
DA:184,2150
DA:185,1075
DA:187,2503
DA:188,1789
DA:190,3225
DA:191,3225
DA:192,2150
DA:193,3225
DA:194,3225
DA:195,3225
DA:196,3225
DA:197,1075
DA:200,3225
DA:201,3225
DA:202,3225
DA:203,2150
DA:204,2150
DA:205,3225
DA:206,2150
DA:207,3225
DA:208,3225
DA:209,3225
DA:210,4300
DA:211,3225
DA:212,2150
DA:213,1075
DA:214,1075
DA:218,1075
DA:219,1075
DA:220,1075
DA:221,1075
DA:222,1075
DA:225,3225
DA:226,6558
DA:227,12041
DA:228,2150
DA:230,16449
DA:231,21932
DA:233,16449
DA:234,16449
DA:235,16449
DA:238,1790
DA:239,2860
DA:240,4290
DA:241,2860
DA:242,1430
DA:243,715
DA:244,715
DA:245,715
DA:250,10
DA:251,30
DA:252,20
DA:253,20
DA:254,20
DA:255,20
DA:256,20
DA:257,20
DA:258,10
DA:259,10
DA:263,10
DA:264,30
DA:265,40
DA:266,20
DA:268,50
DA:269,50
DA:270,20
DA:273,10
DA:276,10
DA:277,30
DA:278,40
DA:279,40
DA:280,40
DA:282,20
DA:284,9136
DA:285,45530
DA:286,18212
DA:287,18212
DA:288,14270
DA:289,11688
DA:293,18212
DA:294,36424
DA:296,27318
DA:297,27318
DA:298,36424
DA:299,18212
DA:300,18212
DA:301,9106
DA:302,9106
DA:306,10
DA:309,10
DA:310,20
DA:311,20
DA:313,9116
DA:314,28393
DA:315,1075
DA:318,12616
DA:319,8234
DA:322,2456
DA:323,2848
DA:324,712
DA:325,0
DA:328,2848
DA:329,2848
DA:331,2136
DA:332,2136
DA:337,10
DA:340,10
DA:345,30
DA:346,30
DA:347,20
DA:348,30
DA:350,9112
DA:351,9102
DA:352,2290
DA:355,42386
DA:357,2
DA:360,6810
DA:361,2656
DA:362,10
DA:364,872
DA:368,17814
DA:369,3205
DA:370,2130
DA:373,5375
DA:374,3225
DA:375,2150
DA:376,1075
DA:379,9726
DA:380,4863
DA:381,255
DA:382,170
DA:383,85
DA:385,85
DA:388,14334
DA:389,9556
DA:390,0
DA:393,14334
DA:394,9556
DA:395,4778
DA:397,0
DA:398,0
DA:402,30
DA:403,20
DA:406,10
DA:409,9106
DA:410,18212
DA:411,18202
DA:412,8951
DA:415,4778
DA:416,9556
DA:417,0
DA:420,18748
DA:421,182
DA:424,18384
DA:425,0
DA:428,4596
DA:429,4596
DA:430,9182
DA:431,9182
DA:432,4591
DA:434,5
DA:437,4591
DA:440,15926
DA:441,15926
DA:442,13370
DA:445,7668
DA:447,6544
DA:448,2864
DA:451,2976
DA:452,1456
DA:455,396
DA:458,5928
DA:459,5928
DA:460,4665
DA:463,3789
DA:465,3230
DA:466,1408
DA:469,1479
DA:470,722
DA:473,198
DA:476,5930
DA:477,11860
DA:478,5930
DA:479,5930
DA:481,0
DA:483,23716
DA:484,2
DA:486,5930
DA:487,0
DA:488,0
DA:491,5928
DA:494,1075
DA:499,3225
DA:500,3225
DA:502,5012
DA:503,2848
DA:504,712
DA:505,0
DA:507,2848
DA:508,2848
DA:509,1424
DA:510,1089
DA:511,1452
DA:512,363
DA:513,0
DA:515,1452
DA:516,726
DA:518,0
DA:521,2150
DA:522,2150
DA:523,2499
DA:524,2527
DA:526,2150
DA:527,5375
DA:529,3773
DA:530,357
DA:532,718
DA:535,2149
DA:536,3222
DA:537,1074
DA:538,1074
DA:540,1076
DA:541,0
DA:542,0
DA:543,0
DA:547,1075
DA:548,2150
DA:549,2150
DA:550,2150
DA:551,1075
DA:552,1075
DA:556,1075
DA:557,1432
DA:558,714
DA:559,52
DA:562,688
DA:563,1032
DA:564,1032
DA:565,1032
DA:566,344
DA:567,344
DA:568,344
DA:570,688
DA:571,22
DA:572,6
DA:573,4
DA:574,2
DA:576,686
DA:581,2876
DA:583,1438
DA:589,2159
DA:592,2157
DA:593,1438
DA:594,0
DA:595,0
DA:597,0
DA:599,719
DA:600,0
DA:603,1438
DA:604,8
DA:605,0
DA:607,8
DA:608,0
DA:610,8
DA:611,0
DA:613,8
DA:616,1430
DA:619,357
DA:620,714
DA:621,119
DA:623,476
DA:624,229
DA:626,18
DA:627,4
DA:629,5
DA:632,344
DA:633,1032
DA:634,688
DA:635,688
DA:637,0
DA:641,11
DA:642,33
DA:643,30
DA:644,3
DA:646,32
DA:647,24
DA:650,3
DA:651,9
DA:652,10
DA:653,2
DA:656,2
DA:657,11
DA:659,2
DA:660,0
DA:663,2
DA:665,57
DA:667,49
DA:670,357
DA:671,714
DA:672,357
DA:674,787
DA:675,743
DA:676,1158
DA:677,1158
DA:678,40
DA:682,357
DA:683,698
DA:686,24
DA:687,16
DA:688,0
DA:690,8
DA:694,349
DA:695,698
DA:697,719
DA:698,349
DA:699,349
DA:700,759
DA:702,1110
DA:703,741
DA:704,369
DA:707,3
DA:708,2
DA:709,0
DA:712,2
DA:714,1
DA:715,2
DA:717,3
DA:718,1
DA:719,1
DA:723,348
DA:726,4053
DA:727,4053
DA:728,16300
DA:729,8022
DA:732,9987
DA:733,40756
DA:734,4883
DA:735,25224
DA:736,1051
DA:737,8106
DA:738,87
DA:739,19662
DA:740,3924
DA:742,42
DA:746,1075
DA:753,2150
DA:754,3225
DA:755,3225
DA:756,2150
DA:757,2150
DA:758,3225
DA:759,2150
DA:760,2150
DA:761,2150
DA:763,1075
DA:766,5981
DA:767,17943
DA:768,11962
DA:769,460
DA:772,11042
DA:774,7402
DA:776,33126
DA:777,5521
DA:778,5528
DA:779,21
DA:780,21
DA:783,22084
DA:784,11042
DA:788,16563
DA:791,16563
DA:793,16563
DA:794,11042
DA:795,16563
DA:796,16563
DA:797,11042
DA:798,11042
DA:799,16563
DA:800,16563
DA:801,16563
DA:802,16563
DA:803,11042
DA:804,16563
DA:805,22084
DA:806,5521
DA:807,16563
DA:808,16563
DA:809,16563
DA:810,11042
DA:811,5521
DA:814,5521
DA:815,11042
DA:818,7012
DA:819,17811
DA:820,11874
DA:821,0
DA:824,5937
DA:826,182
DA:829,90
DA:830,90
DA:832,5665
DA:835,15477
DA:836,4906
DA:837,205
DA:838,15
DA:840,13
DA:842,24530
DA:845,9812
DA:846,9812
DA:847,4906
DA:848,4906
DA:852,9946
DA:853,15120
DA:854,5040
DA:855,0
DA:857,23271
DA:858,4397
DA:862,20160
DA:865,9812
DA:866,14718
DA:868,888
DA:869,129
DA:871,2277
DA:876,2150
DA:877,2150
DA:878,1075
DA:879,1075
DA:882,1075
DA:883,12
DA:884,6
DA:885,6
DA:886,6
DA:887,6
DA:888,6
DA:890,6
DA:891,18
DA:892,6
DA:895,2138
DA:896,0
DA:897,0
DA:898,0
DA:899,0
DA:900,0
DA:901,0
DA:902,0
DA:903,0
DA:908,1069
DA:911,6
DA:912,6
DA:913,6
DA:915,106
DA:916,170
DA:917,170
DA:922,6
DA:929,24
DA:930,18
DA:932,12
DA:933,18
DA:934,18
DA:935,12
DA:936,12
DA:938,18
DA:939,18
DA:940,18
DA:943,24
DA:945,18
DA:946,18
DA:947,18
DA:948,12
DA:953,5665
DA:954,16995
DA:955,19624
DA:956,9812
DA:958,14718
DA:963,14718
DA:964,4906
DA:965,30106
DA:968,9812
DA:969,0
DA:971,4906
DA:975,5521
DA:976,16563
DA:977,627
DA:980,9788
DA:982,12968
DA:986,4894
DA:989,5521
DA:990,5521
DA:991,627
DA:994,4894
DA:995,2316
DA:996,2002
DA:997,550
DA:998,26
DA:1002,5527
DA:1003,3
DA:1004,3
DA:1005,3
DA:1007,3
DA:1010,16581
DA:1011,11054
DA:1012,0
DA:1015,5527
DA:1016,96
DA:1019,10862
DA:1022,5527
DA:1023,3
DA:1024,3
DA:1025,3
DA:1027,3
DA:1029,3
DA:1030,9
DA:1033,16581
DA:1034,21442
DA:1037,5527
DA:1038,3
DA:1039,9
DA:1042,11054
DA:1045,5527
DA:1046,3
DA:1047,3
DA:1048,3
DA:1050,3
DA:1053,16581
DA:1054,5536
DA:1055,9
DA:1058,11036
LF:602
LH:552
end_of_record
TN:
SF:/Users/grey/ORSGraph/src/qc.rs
FN:29,QcReport::is_blocking_failure
FN:45,validate_outputs
FN:196,count_dupes
FN:210,contains_heading_leak
FN:225,artifact_leak_count
FN:229,reserved_tail_leak_count
FN:241,validate_citation_coverage
FN:264,validate_citation_integrity
FNF:8
FNDA:0,QcReport::is_blocking_failure
FNDA:0,validate_outputs
FNDA:0,count_dupes
FNDA:0,contains_heading_leak
FNDA:0,artifact_leak_count
FNDA:0,reserved_tail_leak_count
FNDA:0,validate_citation_coverage
FNDA:0,validate_citation_integrity
DA:29,0
DA:30,0
DA:31,0
DA:32,0
DA:33,0
DA:34,0
DA:35,0
DA:36,0
DA:37,0
DA:38,0
DA:39,0
DA:40,0
DA:41,0
DA:45,0
DA:51,0
DA:53,0
DA:55,0
DA:57,0
DA:59,0
DA:60,0
DA:62,0
DA:63,0
DA:65,0
DA:66,0
DA:67,0
DA:68,0
DA:69,0
DA:70,0
DA:71,0
DA:72,0
DA:74,0
DA:76,0
DA:77,0
DA:78,0
DA:79,0
DA:81,0
DA:82,0
DA:83,0
DA:84,0
DA:85,0
DA:86,0
DA:87,0
DA:88,0
DA:90,0
DA:92,0
DA:93,0
DA:94,0
DA:95,0
DA:97,0
DA:98,0
DA:99,0
DA:100,0
DA:101,0
DA:102,0
DA:103,0
DA:104,0
DA:105,0
DA:106,0
DA:107,0
DA:108,0
DA:110,0
DA:111,0
DA:112,0
DA:113,0
DA:114,0
DA:115,0
DA:116,0
DA:117,0
DA:118,0
DA:119,0
DA:120,0
DA:121,0
DA:123,0
DA:124,0
DA:125,0
DA:126,0
DA:127,0
DA:128,0
DA:129,0
DA:132,0
DA:134,0
DA:135,0
DA:136,0
DA:137,0
DA:139,0
DA:140,0
DA:141,0
DA:142,0
DA:144,0
DA:145,0
DA:146,0
DA:147,0
DA:151,0
DA:152,0
DA:153,0
DA:154,0
DA:158,0
DA:159,0
DA:160,0
DA:161,0
DA:165,0
DA:166,0
DA:167,0
DA:168,0
DA:172,0
DA:173,0
DA:174,0
DA:175,0
DA:179,0
DA:180,0
DA:181,0
DA:182,0
DA:186,0
DA:187,0
DA:188,0
DA:189,0
DA:193,0
DA:196,0
DA:201,0
DA:203,0
DA:204,0
DA:207,0
DA:210,0
DA:222,0
DA:225,0
DA:226,0
DA:229,0
DA:230,0
DA:231,0
DA:232,0
DA:233,0
DA:234,0
DA:237,0
DA:241,0
DA:242,0
DA:243,0
DA:245,0
DA:246,0
DA:247,0
DA:248,0
DA:249,0
DA:250,0
DA:251,0
DA:253,0
DA:254,0
DA:256,0
DA:260,0
DA:264,0
DA:269,0
DA:271,0
DA:273,0
DA:274,0
DA:275,0
DA:279,0
DA:280,0
DA:281,0
DA:282,0
DA:288,0
LF:158
LH:0
end_of_record
TN:
SF:/Users/grey/ORSGraph/src/qc_full.rs
FN:40,QcFullValidator::new
FN:69,QcFullValidator::add_example
FN:100,QcFullValidator::add_bounded_warning
FN:112,QcFullValidator::run
FN:200,QcFullValidator::validate_source
FN:262,QcFullValidator::validate_parse
FN:426,QcFullValidator::validate_chunks
FN:594,QcFullValidator::validate_citations
FN:709,QcFullValidator::validate_graph
FN:778,QcFullValidator::validate_embedding_readiness
FN:925,QcFullValidator::validate_resolver_readiness
FN:949,QcFullValidator::validate_coverage
FN:1028,QcFullValidator::validate_golden_tests
FN:1064,QcFullValidator::validate_semantic
FN:1270,print_console_summary
FN:1569,is_raw_html_path
FN:1576,count_dupes
FN:1588,contains_heading_leak
FN:1603,artifact_leak_count
FN:1607,reserved_tail_leak_count
FN:1618,looks_like_status_only
FNF:21
FNDA:1,QcFullValidator::new
FNDA:0,QcFullValidator::add_example
FNDA:0,QcFullValidator::add_bounded_warning
FNDA:1,QcFullValidator::run
FNDA:1,QcFullValidator::validate_source
FNDA:1,QcFullValidator::validate_parse
FNDA:1,QcFullValidator::validate_chunks
FNDA:1,QcFullValidator::validate_citations
FNDA:1,QcFullValidator::validate_graph
FNDA:1,QcFullValidator::validate_embedding_readiness
FNDA:1,QcFullValidator::validate_resolver_readiness
FNDA:1,QcFullValidator::validate_coverage
FNDA:1,QcFullValidator::validate_golden_tests
FNDA:1,QcFullValidator::validate_semantic
FNDA:0,print_console_summary
FNDA:0,is_raw_html_path
FNDA:4,count_dupes
FNDA:0,contains_heading_leak
FNDA:0,artifact_leak_count
FNDA:0,reserved_tail_leak_count
FNDA:0,looks_like_status_only
DA:40,1
DA:63,2
DA:64,1
DA:65,1
DA:69,0
DA:70,0
DA:71,0
DA:72,0
DA:73,0
DA:76,0
DA:77,0
DA:78,0
DA:81,0
DA:82,0
DA:83,0
DA:86,0
DA:87,0
DA:88,0
DA:91,0
DA:92,0
DA:93,0
DA:96,0
DA:100,0
DA:101,0
DA:102,0
DA:103,0
DA:105,0
DA:107,0
DA:108,0
DA:112,1
DA:113,2
DA:116,1
DA:118,3
DA:120,3
DA:122,2
DA:123,2
DA:124,2
DA:125,2
DA:126,2
DA:127,2
DA:128,2
DA:129,2
DA:130,2
DA:131,2
DA:132,2
DA:133,2
DA:134,4
DA:136,2
DA:137,5
DA:138,5
DA:139,2
DA:140,3
DA:141,3
DA:143,1
DA:146,7
DA:147,6
DA:148,1
DA:149,6
DA:150,3
DA:151,1
DA:152,1
DA:153,1
DA:154,1
DA:155,1
DA:156,1
DA:158,3
DA:159,5
DA:160,1
DA:161,5
DA:162,6
DA:163,5
DA:164,3
DA:166,3
DA:167,2
DA:168,1
DA:170,0
DA:173,0
DA:176,1
DA:177,2
DA:178,2
DA:179,2
DA:180,2
DA:181,2
DA:182,2
DA:183,2
DA:184,2
DA:185,2
DA:186,2
DA:187,2
DA:188,2
DA:189,2
DA:190,2
DA:191,2
DA:192,2
DA:193,3
DA:194,3
DA:195,2
DA:196,1
DA:200,1
DA:201,2
DA:202,2
DA:203,2
DA:204,2
DA:205,2
DA:207,1
DA:208,0
DA:209,0
DA:210,0
DA:211,0
DA:212,0
DA:213,0
DA:215,0
DA:216,0
DA:217,0
DA:218,0
DA:219,0
DA:220,0
DA:222,0
DA:223,0
DA:227,0
DA:231,2
DA:232,2
DA:234,4
DA:235,1
DA:236,0
DA:237,0
DA:238,0
DA:241,1
DA:242,0
DA:243,0
DA:245,1
DA:246,0
DA:247,0
DA:250,1
DA:251,2
DA:252,2
DA:253,2
DA:254,2
DA:255,2
DA:256,2
DA:257,1
DA:258,1
DA:262,1
DA:269,2
DA:270,2
DA:271,2
DA:272,2
DA:273,2
DA:274,2
DA:275,2
DA:276,2
DA:277,2
DA:279,1
DA:280,0
DA:281,0
DA:282,0
DA:283,0
DA:284,0
DA:285,0
DA:287,0
DA:288,0
DA:289,0
DA:291,0
DA:292,0
DA:293,0
DA:294,0
DA:299,0
DA:300,0
DA:301,0
DA:302,0
DA:303,0
DA:305,0
DA:308,0
DA:309,0
DA:310,0
DA:312,0
DA:313,0
DA:315,0
DA:316,0
DA:317,0
DA:319,0
DA:320,0
DA:321,0
DA:322,0
DA:326,0
DA:327,0
DA:328,0
DA:329,0
DA:330,0
DA:331,0
DA:332,0
DA:338,1
DA:339,6
DA:340,5
DA:341,1
DA:342,4
DA:344,1
DA:345,1
DA:346,1
DA:348,2
DA:350,1
DA:352,1
DA:353,1
DA:354,1
DA:355,1
DA:356,1
DA:357,1
DA:358,1
DA:359,1
DA:361,1
DA:362,0
DA:363,0
DA:366,1
DA:367,0
DA:368,0
DA:371,1
DA:372,0
DA:373,0
DA:376,1
DA:377,0
DA:378,0
DA:381,1
DA:382,0
DA:383,0
DA:386,1
DA:387,0
DA:388,0
DA:390,1
DA:391,0
DA:392,0
DA:394,1
DA:395,0
DA:396,0
DA:401,1
DA:402,1
DA:403,2
DA:404,2
DA:405,2
DA:406,1
DA:407,1
DA:408,1
DA:409,1
DA:410,1
DA:412,4
DA:414,1
DA:415,1
DA:416,1
DA:417,1
DA:418,1
DA:419,2
DA:420,2
DA:421,2
DA:422,2
DA:426,1
DA:432,2
DA:433,2
DA:434,2
DA:435,2
DA:436,2
DA:437,2
DA:438,2
DA:439,2
DA:440,2
DA:441,2
DA:442,2
DA:443,2
DA:445,2
DA:446,2
DA:448,1
DA:449,0
DA:450,0
DA:451,0
DA:452,0
DA:455,0
DA:456,0
DA:457,0
DA:458,0
DA:459,0
DA:460,0
DA:461,0
DA:462,0
DA:463,0
DA:466,0
DA:467,0
DA:468,0
DA:469,0
DA:472,0
DA:473,0
DA:475,0
DA:478,0
DA:482,0
DA:483,0
DA:484,0
DA:486,0
DA:487,0
DA:488,0
DA:493,0
DA:494,0
DA:495,0
DA:496,0
DA:497,0
DA:498,0
DA:499,0
DA:500,0
DA:501,0
DA:502,0
DA:503,0
DA:504,0
DA:507,0
DA:508,0
DA:509,0
DA:510,0
DA:511,0
DA:513,0
DA:514,0
DA:515,0
DA:516,0
DA:517,0
DA:521,0
DA:522,0
DA:525,0
DA:526,0
DA:529,0
DA:530,0
DA:531,0
DA:532,0
DA:534,0
DA:535,0
DA:536,0
DA:537,0
DA:540,0
DA:541,0
DA:542,0
DA:543,0
DA:546,0
DA:547,0
DA:548,0
DA:553,1
DA:554,0
DA:555,0
DA:557,1
DA:558,0
DA:559,0
DA:562,1
DA:563,0
DA:564,0
DA:568,1
DA:569,3
DA:570,2
DA:571,2
DA:572,2
DA:573,2
DA:574,2
DA:575,2
DA:576,2
DA:577,2
DA:578,2
DA:579,2
DA:580,2
DA:581,1
DA:582,1
DA:583,1
DA:584,1
DA:585,1
DA:586,1
DA:587,1
DA:588,1
DA:589,1
DA:590,1
DA:594,1
DA:601,2
DA:602,2
DA:603,2
DA:604,2
DA:605,2
DA:606,2
DA:607,2
DA:608,2
DA:609,2
DA:610,2
DA:611,2
DA:612,2
DA:614,1
DA:615,0
DA:616,0
DA:617,0
DA:618,0
DA:619,0
DA:623,0
DA:624,0
DA:625,0
DA:626,0
DA:627,0
DA:628,0
DA:629,0
DA:630,0
DA:632,0
DA:633,0
DA:634,0
DA:635,0
DA:638,0
DA:639,0
DA:645,0
DA:646,0
DA:647,0
DA:648,0
DA:649,0
DA:651,0
DA:652,0
DA:653,0
DA:656,0
DA:657,0
DA:658,0
DA:660,0
DA:665,2
DA:666,1
DA:667,1
DA:668,1
DA:669,1
DA:670,2
DA:671,2
DA:673,1
DA:674,0
DA:675,0
DA:676,1
DA:677,0
DA:679,0
DA:682,1
DA:683,0
DA:684,0
DA:688,1
DA:689,3
DA:690,2
DA:691,2
DA:692,3
DA:693,2
DA:694,2
DA:695,2
DA:696,2
DA:697,2
DA:698,2
DA:699,2
DA:700,2
DA:701,2
DA:702,2
DA:703,2
DA:704,1
DA:705,1
DA:709,1
DA:718,2
DA:719,2
DA:720,2
DA:721,2
DA:723,3
DA:725,1
DA:728,1
DA:729,0
DA:730,0
DA:733,0
DA:734,0
DA:737,0
DA:738,0
DA:739,0
DA:740,0
DA:741,0
DA:742,0
DA:743,0
DA:744,0
DA:745,0
DA:746,0
DA:747,0
DA:748,0
DA:749,0
DA:750,0
DA:751,0
DA:753,0
DA:754,0
DA:755,0
DA:759,1
DA:760,0
DA:761,0
DA:763,1
DA:764,0
DA:765,0
DA:768,1
DA:769,3
DA:770,2
DA:771,2
DA:772,2
DA:773,1
DA:774,1
DA:778,1
DA:788,5
DA:789,2
DA:790,2
DA:791,2
DA:793,1
DA:794,0
DA:795,0
DA:796,0
DA:800,2
DA:801,2
DA:802,1
DA:804,0
DA:805,0
DA:806,0
DA:811,3
DA:812,2
DA:819,1
DA:820,0
DA:821,0
DA:822,0
DA:825,0
DA:826,0
DA:828,0
DA:829,0
DA:830,0
DA:833,0
DA:834,0
DA:835,0
DA:836,0
DA:837,0
DA:841,0
DA:842,0
DA:844,0
DA:845,0
DA:846,0
DA:847,0
DA:848,0
DA:853,1
DA:854,1
DA:857,3
DA:858,2
DA:859,3
DA:866,1
DA:867,0
DA:871,0
DA:872,0
DA:874,0
DA:875,0
DA:877,0
DA:879,0
DA:881,0
DA:884,1
DA:885,1
DA:888,3
DA:889,2
DA:890,3
DA:897,1
DA:898,0
DA:902,0
DA:906,0
DA:907,0
DA:909,0
DA:910,0
DA:912,0
DA:914,0
DA:916,0
DA:919,1
DA:920,1
DA:922,2
DA:925,1
DA:931,2
DA:932,2
DA:933,2
DA:934,5
DA:936,1
DA:937,0
DA:938,0
DA:941,1
DA:942,2
DA:943,2
DA:944,1
DA:945,1
DA:949,1
DA:955,2
DA:956,4
DA:958,3
DA:959,3
DA:961,1
DA:962,0
DA:963,0
DA:964,0
DA:965,0
DA:966,0
DA:967,0
DA:968,0
DA:969,0
DA:970,0
DA:975,2
DA:976,2
DA:978,1
DA:979,0
DA:980,0
DA:983,0
DA:984,0
DA:985,0
DA:986,0
DA:987,0
DA:989,0
DA:990,0
DA:994,2
DA:995,2
DA:996,2
DA:998,1
DA:1000,1
DA:1001,0
DA:1002,0
DA:1005,0
DA:1006,0
DA:1007,0
DA:1008,0
DA:1009,0
DA:1011,0
DA:1012,0
DA:1016,1
DA:1017,3
DA:1018,3
DA:1019,2
DA:1020,2
DA:1021,2
DA:1022,2
DA:1023,2
DA:1024,1
DA:1028,1
DA:1029,2
DA:1030,2
DA:1031,1
DA:1032,2
DA:1033,2
DA:1034,2
DA:1035,2
DA:1036,1
DA:1037,1
DA:1039,2
DA:1041,22
DA:1043,3
DA:1044,1
DA:1045,0
DA:1046,0
DA:1047,0
DA:1057,1
DA:1058,1
DA:1059,1
DA:1060,2
DA:1064,1
DA:1069,2
DA:1072,13
DA:1073,36
DA:1074,12
DA:1075,12
DA:1077,0
DA:1078,0
DA:1079,0
DA:1080,0
DA:1081,0
DA:1083,0
DA:1084,0
DA:1086,0
DA:1088,0
DA:1092,1
DA:1093,0
DA:1094,0
DA:1095,0
DA:1101,1
DA:1102,0
DA:1103,0
DA:1104,0
DA:1105,0
DA:1109,2
DA:1110,1
DA:1111,1
DA:1112,0
DA:1113,0
DA:1114,0
DA:1115,0
DA:1116,0
DA:1118,0
DA:1119,0
DA:1121,0
DA:1126,2
DA:1127,1
DA:1130,2
DA:1131,1
DA:1134,2
DA:1135,1
DA:1136,1
DA:1137,0
DA:1138,0
DA:1139,0
DA:1141,0
DA:1143,0
DA:1144,0
DA:1146,0
DA:1148,0
DA:1150,0
DA:1151,0
DA:1153,0
DA:1158,2
DA:1159,1
DA:1160,1
DA:1161,0
DA:1162,0
DA:1163,0
DA:1165,0
DA:1167,0
DA:1168,0
DA:1170,0
DA:1175,2
DA:1176,1
DA:1177,1
DA:1178,0
DA:1179,0
DA:1180,0
DA:1182,0
DA:1184,0
DA:1185,0
DA:1187,0
DA:1192,2
DA:1193,1
DA:1194,1
DA:1195,0
DA:1196,0
DA:1197,0
DA:1202,2
DA:1203,1
DA:1204,1
DA:1205,0
DA:1206,0
DA:1207,0
DA:1212,2
DA:1213,1
DA:1214,1
DA:1215,0
DA:1216,0
DA:1217,0
DA:1222,2
DA:1223,1
DA:1224,1
DA:1225,0
DA:1226,0
DA:1227,0
DA:1232,2
DA:1233,1
DA:1236,2
DA:1237,1
DA:1240,2
DA:1241,1
DA:1242,1
DA:1243,1
DA:1244,1
DA:1245,1
DA:1246,1
DA:1248,1
DA:1249,0
DA:1250,0
DA:1253,1
DA:1254,0
DA:1255,0
DA:1256,0
DA:1259,1
DA:1260,0
DA:1261,0
DA:1262,0
DA:1266,1
DA:1270,0
DA:1271,0
DA:1272,0
DA:1273,0
DA:1274,0
DA:1275,0
DA:1277,0
DA:1278,0
DA:1279,0
DA:1280,0
DA:1281,0
DA:1283,0
DA:1284,0
DA:1286,0
DA:1288,0
DA:1289,0
DA:1290,0
DA:1291,0
DA:1292,0
DA:1293,0
DA:1295,0
DA:1296,0
DA:1297,0
DA:1298,0
DA:1301,0
DA:1303,0
DA:1304,0
DA:1305,0
DA:1306,0
DA:1310,0
DA:1311,0
DA:1312,0
DA:1313,0
DA:1314,0
DA:1318,0
DA:1319,0
DA:1321,0
DA:1322,0
DA:1323,0
DA:1324,0
DA:1327,0
DA:1328,0
DA:1329,0
DA:1330,0
DA:1333,0
DA:1334,0
DA:1335,0
DA:1336,0
DA:1339,0
DA:1341,0
DA:1342,0
DA:1343,0
DA:1344,0
DA:1346,0
DA:1347,0
DA:1348,0
DA:1349,0
DA:1352,0
DA:1354,0
DA:1355,0
DA:1356,0
DA:1357,0
DA:1358,0
DA:1360,0
DA:1361,0
DA:1362,0
DA:1363,0
DA:1366,0
DA:1368,0
DA:1369,0
DA:1373,0
DA:1374,0
DA:1378,0
DA:1382,0
DA:1386,0
DA:1387,0
DA:1388,0
DA:1389,0
DA:1393,0
DA:1394,0
DA:1398,0
DA:1402,0
DA:1403,0
DA:1404,0
DA:1405,0
DA:1407,0
DA:1408,0
DA:1409,0
DA:1410,0
DA:1411,0
DA:1415,0
DA:1416,0
DA:1420,0
DA:1424,0
DA:1425,0
DA:1426,0
DA:1427,0
DA:1429,0
DA:1430,0
DA:1431,0
DA:1432,0
DA:1433,0
DA:1436,0
DA:1438,0
DA:1439,0
DA:1441,0
DA:1442,0
DA:1444,0
DA:1447,0
DA:1449,0
DA:1450,0
DA:1452,0
DA:1455,0
DA:1457,0
DA:1458,0
DA:1460,0
DA:1463,0
DA:1465,0
DA:1466,0
DA:1468,0
DA:1471,0
DA:1473,0
DA:1474,0
DA:1476,0
DA:1478,0
DA:1480,0
DA:1481,0
DA:1482,0
DA:1486,0
DA:1487,0
DA:1488,0
DA:1489,0
DA:1492,0
DA:1493,0
DA:1494,0
DA:1495,0
DA:1498,0
DA:1499,0
DA:1500,0
DA:1501,0
DA:1504,0
DA:1506,0
DA:1507,0
DA:1508,0
DA:1509,0
DA:1510,0
DA:1511,0
DA:1512,0
DA:1513,0
DA:1514,0
DA:1515,0
DA:1516,0
DA:1517,0
DA:1518,0
DA:1522,0
DA:1526,0
DA:1527,0
DA:1528,0
DA:1529,0
DA:1530,0
DA:1531,0
DA:1532,0
DA:1533,0
DA:1534,0
DA:1535,0
DA:1536,0
DA:1537,0
DA:1538,0
DA:1539,0
DA:1540,0
DA:1541,0
DA:1543,0
DA:1544,0
DA:1545,0
DA:1546,0
DA:1549,0
DA:1552,0
DA:1553,0
DA:1554,0
DA:1555,0
DA:1557,0
DA:1560,0
DA:1561,0
DA:1562,0
DA:1563,0
DA:1565,0
DA:1569,0
DA:1570,0
DA:1571,0
DA:1573,0
DA:1576,4
DA:1581,12
DA:1582,6
DA:1583,4
DA:1585,21
DA:1588,0
DA:1600,0
DA:1603,0
DA:1604,0
DA:1607,0
DA:1608,0
DA:1609,0
DA:1610,0
DA:1611,0
DA:1612,0
DA:1615,0
DA:1618,0
DA:1619,0
DA:1620,0
DA:1621,0
DA:1622,0
DA:1623,0
DA:1624,0
DA:1625,0
DA:1626,0
DA:1627,0
LF:981
LH:386
end_of_record
TN:
SF:/Users/grey/ORSGraph/src/qc_neo4j.rs
FN:18,QcNeo4jValidator::new
FN:42,QcNeo4jValidator::run
FN:1026,set_warning
FN:1032,set_fail
FN:1183,load_expected_counts
FN:1220,count_jsonl
FN:1230,count_retrieval_chunks
FN:1236,count_retrieval_chunks_inner
FN:1260,count_retrieval_chunk_kinds
FN:1266,count_retrieval_chunk_kinds_inner
FN:1310,count_cites_edge_kinds
FN:1356,count_distinct_jsonl_field
FN:1373,compare_count
FNF:13
FNDA:0,QcNeo4jValidator::new
FNDA:0,QcNeo4jValidator::run
FNDA:0,set_warning
FNDA:0,set_fail
FNDA:0,load_expected_counts
FNDA:3,count_jsonl
FNDA:1,count_retrieval_chunks
FNDA:2,count_retrieval_chunks_inner
FNDA:0,count_retrieval_chunk_kinds
FNDA:0,count_retrieval_chunk_kinds_inner
FNDA:0,count_cites_edge_kinds
FNDA:0,count_distinct_jsonl_field
FNDA:1,compare_count
DA:18,0
DA:27,0
DA:28,0
DA:29,0
DA:30,0
DA:32,0
DA:33,0
DA:34,0
DA:35,0
DA:36,0
DA:37,0
DA:38,0
DA:42,0
DA:43,0
DA:45,0
DA:46,0
DA:47,0
DA:48,0
DA:49,0
DA:50,0
DA:51,0
DA:52,0
DA:53,0
DA:56,0
DA:57,0
DA:58,0
DA:59,0
DA:60,0
DA:61,0
DA:65,0
DA:66,0
DA:67,0
DA:68,0
DA:69,0
DA:70,0
DA:74,0
DA:75,0
DA:76,0
DA:77,0
DA:78,0
DA:79,0
DA:83,0
DA:84,0
DA:85,0
DA:86,0
DA:87,0
DA:88,0
DA:92,0
DA:93,0
DA:94,0
DA:95,0
DA:96,0
DA:97,0
DA:98,0
DA:99,0
DA:100,0
DA:104,0
DA:105,0
DA:106,0
DA:107,0
DA:108,0
DA:109,0
DA:110,0
DA:111,0
DA:112,0
DA:116,0
DA:117,0
DA:118,0
DA:119,0
DA:120,0
DA:121,0
DA:125,0
DA:126,0
DA:127,0
DA:128,0
DA:129,0
DA:130,0
DA:134,0
DA:135,0
DA:136,0
DA:137,0
DA:138,0
DA:139,0
DA:143,0
DA:144,0
DA:145,0
DA:146,0
DA:147,0
DA:148,0
DA:151,0
DA:152,0
DA:153,0
DA:154,0
DA:155,0
DA:156,0
DA:159,0
DA:160,0
DA:161,0
DA:162,0
DA:163,0
DA:164,0
DA:168,0
DA:169,0
DA:170,0
DA:171,0
DA:174,0
DA:175,0
DA:176,0
DA:177,0
DA:180,0
DA:181,0
DA:182,0
DA:183,0
DA:186,0
DA:187,0
DA:188,0
DA:189,0
DA:193,0
DA:195,0
DA:196,0
DA:197,0
DA:198,0
DA:201,0
DA:202,0
DA:203,0
DA:204,0
DA:207,0
DA:208,0
DA:209,0
DA:210,0
DA:213,0
DA:214,0
DA:215,0
DA:216,0
DA:219,0
DA:220,0
DA:221,0
DA:222,0
DA:225,0
DA:226,0
DA:227,0
DA:228,0
DA:232,0
DA:233,0
DA:234,0
DA:235,0
DA:238,0
DA:239,0
DA:240,0
DA:241,0
DA:244,0
DA:245,0
DA:246,0
DA:247,0
DA:250,0
DA:251,0
DA:252,0
DA:253,0
DA:256,0
DA:257,0
DA:258,0
DA:259,0
DA:262,0
DA:263,0
DA:264,0
DA:265,0
DA:266,0
DA:269,0
DA:270,0
DA:271,0
DA:272,0
DA:275,0
DA:276,0
DA:277,0
DA:278,0
DA:281,0
DA:282,0
DA:283,0
DA:284,0
DA:287,0
DA:288,0
DA:289,0
DA:290,0
DA:293,0
DA:294,0
DA:295,0
DA:296,0
DA:297,0
DA:300,0
DA:301,0
DA:302,0
DA:303,0
DA:306,0
DA:307,0
DA:308,0
DA:309,0
DA:312,0
DA:313,0
DA:314,0
DA:315,0
DA:318,0
DA:319,0
DA:320,0
DA:321,0
DA:324,0
DA:325,0
DA:326,0
DA:327,0
DA:330,0
DA:331,0
DA:332,0
DA:333,0
DA:334,0
DA:337,0
DA:338,0
DA:339,0
DA:340,0
DA:341,0
DA:344,0
DA:345,0
DA:346,0
DA:347,0
DA:352,0
DA:353,0
DA:354,0
DA:355,0
DA:356,0
DA:357,0
DA:361,0
DA:362,0
DA:363,0
DA:364,0
DA:365,0
DA:366,0
DA:370,0
DA:371,0
DA:372,0
DA:373,0
DA:374,0
DA:375,0
DA:380,0
DA:381,0
DA:382,0
DA:383,0
DA:384,0
DA:385,0
DA:388,0
DA:389,0
DA:390,0
DA:391,0
DA:392,0
DA:393,0
DA:396,0
DA:397,0
DA:398,0
DA:399,0
DA:400,0
DA:401,0
DA:404,0
DA:405,0
DA:406,0
DA:407,0
DA:408,0
DA:409,0
DA:413,0
DA:414,0
DA:415,0
DA:416,0
DA:418,0
DA:420,0
DA:422,0
DA:423,0
DA:424,0
DA:425,0
DA:428,0
DA:429,0
DA:430,0
DA:431,0
DA:434,0
DA:435,0
DA:436,0
DA:437,0
DA:440,0
DA:441,0
DA:442,0
DA:443,0
DA:446,0
DA:447,0
DA:448,0
DA:449,0
DA:452,0
DA:453,0
DA:454,0
DA:455,0
DA:456,0
DA:457,0
DA:460,0
DA:461,0
DA:462,0
DA:463,0
DA:464,0
DA:465,0
DA:468,0
DA:469,0
DA:470,0
DA:471,0
DA:472,0
DA:473,0
DA:476,0
DA:477,0
DA:478,0
DA:479,0
DA:480,0
DA:481,0
DA:484,0
DA:485,0
DA:486,0
DA:487,0
DA:488,0
DA:489,0
DA:492,0
DA:493,0
DA:494,0
DA:495,0
DA:496,0
DA:497,0
DA:500,0
DA:501,0
DA:502,0
DA:503,0
DA:504,0
DA:505,0
DA:508,0
DA:509,0
DA:510,0
DA:511,0
DA:512,0
DA:513,0
DA:516,0
DA:517,0
DA:518,0
DA:519,0
DA:520,0
DA:521,0
DA:524,0
DA:525,0
DA:526,0
DA:527,0
DA:528,0
DA:529,0
DA:532,0
DA:533,0
DA:534,0
DA:535,0
DA:536,0
DA:537,0
DA:540,0
DA:541,0
DA:542,0
DA:543,0
DA:544,0
DA:545,0
DA:546,0
DA:549,0
DA:550,0
DA:551,0
DA:552,0
DA:553,0
DA:554,0
DA:555,0
DA:556,0
DA:560,0
DA:562,0
DA:563,0
DA:564,0
DA:566,0
DA:567,0
DA:569,0
DA:570,0
DA:571,0
DA:572,0
DA:573,0
DA:574,0
DA:575,0
DA:576,0
DA:579,0
DA:580,0
DA:581,0
DA:582,0
DA:583,0
DA:588,0
DA:589,0
DA:590,0
DA:591,0
DA:595,0
DA:596,0
DA:597,0
DA:598,0
DA:601,0
DA:602,0
DA:603,0
DA:604,0
DA:607,0
DA:608,0
DA:609,0
DA:610,0
DA:613,0
DA:614,0
DA:615,0
DA:616,0
DA:619,0
DA:620,0
DA:621,0
DA:622,0
DA:625,0
DA:626,0
DA:627,0
DA:628,0
DA:633,0
DA:634,0
DA:635,0
DA:636,0
DA:637,0
DA:638,0
DA:642,0
DA:643,0
DA:644,0
DA:645,0
DA:646,0
DA:647,0
DA:651,0
DA:652,0
DA:653,0
DA:654,0
DA:655,0
DA:656,0
DA:660,0
DA:661,0
DA:662,0
DA:663,0
DA:664,0
DA:665,0
DA:669,0
DA:670,0
DA:671,0
DA:672,0
DA:673,0
DA:674,0
DA:678,0
DA:679,0
DA:680,0
DA:681,0
DA:682,0
DA:683,0
DA:687,0
DA:688,0
DA:689,0
DA:690,0
DA:691,0
DA:692,0
DA:696,0
DA:697,0
DA:698,0
DA:699,0
DA:700,0
DA:701,0
DA:705,0
DA:706,0
DA:707,0
DA:708,0
DA:709,0
DA:710,0
DA:711,0
DA:714,0
DA:716,0
DA:718,0
DA:719,0
DA:722,0
DA:724,0
DA:725,0
DA:728,0
DA:730,0
DA:731,0
DA:734,0
DA:736,0
DA:737,0
DA:740,0
DA:742,0
DA:743,0
DA:746,0
DA:748,0
DA:749,0
DA:752,0
DA:754,0
DA:755,0
DA:758,0
DA:760,0
DA:761,0
DA:764,0
DA:766,0
DA:767,0
DA:770,0
DA:772,0
DA:773,0
DA:776,0
DA:778,0
DA:779,0
DA:782,0
DA:784,0
DA:785,0
DA:788,0
DA:790,0
DA:791,0
DA:794,0
DA:796,0
DA:797,0
DA:800,0
DA:802,0
DA:803,0
DA:806,0
DA:808,0
DA:809,0
DA:812,0
DA:814,0
DA:815,0
DA:818,0
DA:820,0
DA:821,0
DA:824,0
DA:826,0
DA:827,0
DA:830,0
DA:832,0
DA:833,0
DA:836,0
DA:838,0
DA:839,0
DA:842,0
DA:844,0
DA:845,0
DA:850,0
DA:852,0
DA:853,0
DA:856,0
DA:858,0
DA:859,0
DA:862,0
DA:864,0
DA:865,0
DA:868,0
DA:870,0
DA:871,0
DA:874,0
DA:876,0
DA:877,0
DA:880,0
DA:882,0
DA:883,0
DA:886,0
DA:888,0
DA:889,0
DA:892,0
DA:894,0
DA:895,0
DA:898,0
DA:900,0
DA:901,0
DA:904,0
DA:906,0
DA:907,0
DA:910,0
DA:912,0
DA:913,0
DA:918,0
DA:923,0
DA:929,0
DA:930,0
DA:935,0
DA:936,0
DA:941,0
DA:942,0
DA:949,0
DA:950,0
DA:951,0
DA:952,0
DA:957,0
DA:958,0
DA:965,0
DA:966,0
DA:967,0
DA:968,0
DA:969,0
DA:971,0
DA:972,0
DA:975,0
DA:976,0
DA:977,0
DA:978,0
DA:980,0
DA:981,0
DA:985,0
DA:986,0
DA:987,0
DA:988,0
DA:989,0
DA:990,0
DA:991,0
DA:992,0
DA:993,0
DA:994,0
DA:995,0
DA:996,0
DA:997,0
DA:998,0
DA:999,0
DA:1000,0
DA:1001,0
DA:1002,0
DA:1003,0
DA:1004,0
DA:1005,0
DA:1006,0
DA:1007,0
DA:1008,0
DA:1009,0
DA:1010,0
DA:1011,0
DA:1012,0
DA:1013,0
DA:1014,0
DA:1015,0
DA:1017,0
DA:1018,0
DA:1021,0
DA:1022,0
DA:1026,0
DA:1027,0
DA:1028,0
DA:1032,0
DA:1033,0
DA:1183,0
DA:1184,0
DA:1185,0
DA:1186,0
DA:1187,0
DA:1189,0
DA:1190,0
DA:1191,0
DA:1192,0
DA:1193,0
DA:1194,0
DA:1195,0
DA:1196,0
DA:1197,0
DA:1198,0
DA:1199,0
DA:1200,0
DA:1201,0
DA:1202,0
DA:1203,0
DA:1204,0
DA:1206,0
DA:1207,0
DA:1208,0
DA:1209,0
DA:1210,0
DA:1211,0
DA:1212,0
DA:1213,0
DA:1214,0
DA:1215,0
DA:1216,0
DA:1220,3
DA:1221,3
DA:1222,0
DA:1224,6
DA:1225,3
DA:1226,13
DA:1227,3
DA:1230,1
DA:1231,2
DA:1232,3
DA:1233,1
DA:1236,2
DA:1237,2
DA:1238,0
DA:1240,7
DA:1241,9
DA:1242,3
DA:1243,3
DA:1244,2
DA:1246,6
DA:1248,4
DA:1251,2
DA:1260,0
DA:1261,0
DA:1262,0
DA:1263,0
DA:1266,0
DA:1270,0
DA:1271,0
DA:1273,0
DA:1274,0
DA:1275,0
DA:1276,0
DA:1277,0
DA:1279,0
DA:1281,0
DA:1282,0
DA:1283,0
DA:1285,0
DA:1286,0
DA:1288,0
DA:1289,0
DA:1291,0
DA:1293,0
DA:1298,0
DA:1310,0
DA:1311,0
DA:1312,0
DA:1313,0
DA:1315,0
DA:1316,0
DA:1317,0
DA:1319,0
DA:1320,0
DA:1322,0
DA:1324,0
DA:1325,0
DA:1326,0
DA:1328,0
DA:1331,0
DA:1333,0
DA:1335,0
DA:1338,0
DA:1340,0
DA:1342,0
DA:1345,0
DA:1348,0
DA:1349,0
DA:1350,0
DA:1353,0
DA:1356,0
DA:1357,0
DA:1358,0
DA:1360,0
DA:1361,0
DA:1362,0
DA:1363,0
DA:1365,0
DA:1366,0
DA:1367,0
DA:1370,0
DA:1373,1
DA:1374,2
DA:1375,2
LF:756
LH:23
end_of_record
TN:
SF:/Users/grey/ORSGraph/src/rag.rs
FN:9,RetrievalAugmentor::new
FN:15,RetrievalAugmentor::retrieve_context
FN:35,RetrievalAugmentor::format_context
FN:40,format_retrieval_context
FNF:4
FNDA:0,RetrievalAugmentor::new
FNDA:0,RetrievalAugmentor::retrieve_context
FNDA:0,RetrievalAugmentor::format_context
FNDA:2,format_retrieval_context
DA:9,0
DA:15,0
DA:22,0
DA:23,0
DA:24,0
DA:25,0
DA:28,0
DA:31,0
DA:35,0
DA:36,0
DA:40,2
DA:41,4
DA:42,6
DA:43,6
DA:45,8
DA:46,4
DA:47,1
DA:48,2
DA:49,3
DA:51,3
DA:53,3
DA:54,2
DA:57,3
DA:58,2
DA:61,3
DA:62,3
DA:64,1
DA:65,3
DA:66,3
DA:67,2
DA:71,1
DA:72,3
DA:73,3
DA:74,2
DA:75,1
DA:76,1
DA:81,3
DA:84,5
DA:85,2
DA:88,2
LF:40
LH:30
end_of_record
TN:
SF:/Users/grey/ORSGraph/src/resolver.rs
FN:28,GlobalSymbolTable::new
FN:32,GlobalSymbolTable::add_identity
FN:41,GlobalSymbolTable::add_version
FN:53,GlobalSymbolTable::add_provision
FN:65,GlobalSymbolTable::resolve_canonical_id
FN:69,GlobalSymbolTable::resolve_version_id
FN:78,GlobalSymbolTable::resolve_provision_path
FN:83,GlobalSymbolTable::resolve_chapter_version
FN:97,build_global_symbol_table
FN:151,resolve_all_citations
FN:207,resolve_single_citation
FN:227,resolve_section_citation
FN:269,resolve_subsection_citation
FN:340,resolve_chapter_citation
FN:394,resolve_range_citation
FNF:15
FNDA:3,GlobalSymbolTable::new
FNDA:2,GlobalSymbolTable::add_identity
FNDA:1,GlobalSymbolTable::add_version
FNDA:1,GlobalSymbolTable::add_provision
FNDA:3,GlobalSymbolTable::resolve_canonical_id
FNDA:1,GlobalSymbolTable::resolve_version_id
FNDA:1,GlobalSymbolTable::resolve_provision_path
FNDA:1,GlobalSymbolTable::resolve_chapter_version
FNDA:0,build_global_symbol_table
FNDA:2,resolve_all_citations
FNDA:2,resolve_single_citation
FNDA:0,resolve_section_citation
FNDA:1,resolve_subsection_citation
FNDA:1,resolve_chapter_citation
FNDA:0,resolve_range_citation
DA:10,3
DA:11,1
DA:12,3
DA:15,3
DA:28,3
DA:29,3
DA:32,2
DA:33,4
DA:34,2
DA:35,4
DA:37,2
DA:38,8
DA:41,1
DA:42,2
DA:46,2
DA:47,2
DA:48,1
DA:50,5
DA:53,1
DA:54,2
DA:57,2
DA:59,1
DA:60,4
DA:61,1
DA:62,4
DA:65,3
DA:66,9
DA:69,1
DA:70,2
DA:71,3
DA:72,0
DA:74,1
DA:78,1
DA:79,5
DA:80,3
DA:83,1
DA:84,2
DA:85,1
DA:86,1
DA:88,3
DA:90,1
DA:92,0
DA:97,0
DA:101,0
DA:102,0
DA:103,0
DA:104,0
DA:105,0
DA:106,0
DA:108,0
DA:109,0
DA:112,0
DA:113,0
DA:114,0
DA:115,0
DA:116,0
DA:118,0
DA:119,0
DA:122,0
DA:123,0
DA:124,0
DA:125,0
DA:126,0
DA:128,0
DA:129,0
DA:132,0
DA:151,2
DA:156,4
DA:157,4
DA:158,2
DA:160,6
DA:161,10
DA:162,6
DA:163,4
DA:165,6
DA:166,4
DA:167,4
DA:168,4
DA:170,2
DA:171,2
DA:172,3
DA:173,1
DA:174,2
DA:175,0
DA:176,0
DA:177,0
DA:178,0
DA:180,0
DA:181,0
DA:182,0
DA:184,0
DA:185,0
DA:186,0
DA:188,0
DA:189,0
DA:190,0
DA:192,0
DA:195,2
DA:207,2
DA:212,2
DA:213,2
DA:214,6
DA:215,5
DA:216,0
DA:218,0
DA:222,0
DA:227,0
DA:232,0
DA:233,0
DA:234,0
DA:236,0
DA:237,0
DA:238,0
DA:239,0
DA:240,0
DA:241,0
DA:245,0
DA:247,0
DA:251,0
DA:252,0
DA:253,0
DA:254,0
DA:258,0
DA:261,0
DA:262,0
DA:269,1
DA:274,3
DA:275,3
DA:276,2
DA:278,0
DA:279,0
DA:280,0
DA:281,0
DA:282,0
DA:283,0
DA:287,5
DA:288,4
DA:289,4
DA:290,1
DA:291,11
DA:293,3
DA:294,3
DA:296,0
DA:297,0
DA:298,0
DA:299,0
DA:300,0
DA:301,0
DA:305,5
DA:306,5
DA:308,2
DA:312,3
DA:313,3
DA:314,2
DA:315,3
DA:316,3
DA:319,1
DA:321,2
DA:323,3
DA:324,2
DA:325,3
DA:331,0
DA:332,0
DA:334,0
DA:335,0
DA:340,1
DA:345,3
DA:346,3
DA:347,2
DA:349,0
DA:350,0
DA:351,0
DA:352,0
DA:353,0
DA:354,0
DA:358,4
DA:359,4
DA:360,2
DA:362,0
DA:363,0
DA:364,0
DA:365,0
DA:366,0
DA:367,0
DA:372,2
DA:376,3
DA:377,3
DA:378,2
DA:379,2
DA:381,2
DA:383,1
DA:386,3
DA:387,2
DA:394,0
DA:399,0
DA:400,0
DA:402,0
DA:404,0
DA:405,0
DA:407,0
DA:409,0
DA:410,0
DA:411,0
DA:412,0
DA:413,0
DA:414,0
DA:415,0
DA:416,0
DA:417,0
DA:420,0
DA:421,0
DA:422,0
DA:423,0
DA:425,0
DA:429,0
DA:430,0
DA:431,0
DA:435,0
DA:436,0
DA:439,0
DA:440,0
LF:221
LH:103
end_of_record
TN:
SF:/Users/grey/ORSGraph/src/semantic.rs
FN:40,derive_historical_nodes
FN:73,derive_semantic_nodes
FN:238,extract_defined_term
FN:249,extract_trigger_phrase
FN:256,semantic_types_for_provision
FNF:5
FNDA:1,derive_historical_nodes
FNDA:1,derive_semantic_nodes
FNDA:3,extract_defined_term
FNDA:0,extract_trigger_phrase
FNDA:2,semantic_types_for_provision
DA:12,4
DA:13,1
DA:14,4
DA:16,1
DA:17,4
DA:40,1
DA:44,2
DA:46,2
DA:47,2
DA:48,2
DA:49,1
DA:50,1
DA:51,3
DA:52,1
DA:53,2
DA:54,1
DA:55,3
DA:57,3
DA:58,2
DA:59,2
DA:60,3
DA:61,2
DA:62,2
DA:63,2
DA:64,1
DA:65,1
DA:73,1
DA:74,2
DA:76,3
DA:77,6
DA:78,0
DA:81,6
DA:82,4
DA:84,2
DA:85,1
DA:86,3
DA:87,2
DA:88,2
DA:90,2
DA:92,2
DA:94,2
DA:95,1
DA:96,1
DA:99,2
DA:101,2
DA:104,3
DA:105,3
DA:106,3
DA:107,3
DA:108,3
DA:109,1
DA:111,3
DA:112,3
DA:113,3
DA:114,2
DA:115,2
DA:116,2
DA:117,1
DA:118,1
DA:120,3
DA:121,2
DA:122,2
DA:123,2
DA:124,3
DA:125,2
DA:126,2
DA:127,3
DA:128,1
DA:129,2
DA:130,3
DA:131,1
DA:132,1
DA:136,5
DA:137,3
DA:139,3
DA:141,3
DA:142,2
DA:143,3
DA:144,2
DA:145,2
DA:146,2
DA:147,2
DA:148,3
DA:149,1
DA:150,2
DA:151,2
DA:152,2
DA:153,1
DA:154,1
DA:158,2
DA:159,0
DA:160,0
DA:161,0
DA:162,0
DA:164,0
DA:165,0
DA:166,0
DA:167,0
DA:169,0
DA:170,0
DA:171,0
DA:172,0
DA:173,0
DA:174,0
DA:178,2
DA:179,0
DA:180,0
DA:181,0
DA:182,0
DA:184,0
DA:185,0
DA:186,0
DA:187,0
DA:188,0
DA:189,0
DA:190,0
DA:191,0
DA:192,0
DA:196,3
DA:197,3
DA:198,2
DA:199,1
DA:200,3
DA:202,3
DA:203,2
DA:204,2
DA:205,2
DA:206,2
DA:207,2
DA:208,2
DA:209,1
DA:210,1
DA:214,11
DA:216,9
DA:217,6
DA:218,3
DA:219,9
DA:220,6
DA:221,6
DA:224,9
DA:225,9
DA:226,9
DA:227,9
DA:228,3
DA:229,6
DA:230,3
DA:235,1
DA:238,3
DA:239,6
DA:240,3
DA:241,13
DA:242,4
DA:243,2
DA:244,1
DA:245,6
DA:249,0
DA:250,0
DA:252,0
DA:253,0
DA:256,2
DA:257,4
DA:258,3
DA:259,1
DA:261,3
DA:262,2
DA:264,2
DA:265,0
DA:267,2
DA:268,0
DA:270,3
DA:271,2
DA:273,2
LF:172
LH:138
end_of_record
TN:
SF:/Users/grey/ORSGraph/src/text.rs
FN:32,normalize_ws
FN:43,trim_leading_marker_garbage
FN:52,normalize_for_hash
FN:56,strip_trailing_period
FN:60,is_blank
FN:65,is_rule_line
FN:69,is_reserved_tail_heading
FN:75,is_reserved_expansion_text
FN:79,clean_parser_text
FN:90,count_rule_line_artifacts
FN:94,is_all_caps_heading
FNF:11
FNDA:108255,normalize_ws
FNDA:108255,trim_leading_marker_garbage
FNDA:6603,normalize_for_hash
FNDA:714,strip_trailing_period
FNDA:9107,is_blank
FNDA:4783,is_rule_line
FNDA:10531,is_reserved_tail_heading
FNDA:10525,is_reserved_expansion_text
FNDA:11477,clean_parser_text
FNDA:2,count_rule_line_artifacts
FNDA:9104,is_all_caps_heading
DA:5,9
DA:6,9
DA:7,9
DA:8,9
DA:9,9
DA:10,3
DA:11,3
DA:12,3
DA:14,3
DA:16,3
DA:17,3
DA:18,3
DA:20,3
DA:22,3
DA:23,3
DA:24,3
DA:26,3
DA:28,9
DA:30,9
DA:32,108255
DA:33,324765
DA:34,324765
DA:35,324765
DA:36,108255
DA:38,433020
DA:39,324765
DA:40,433020
DA:43,108255
DA:44,634391
DA:45,662387
DA:46,99134
DA:48,117376
DA:52,6603
DA:53,6603
DA:56,714
DA:57,1428
DA:60,9107
DA:61,27321
DA:62,31846
DA:65,4783
DA:66,14349
DA:69,10531
DA:70,31593
DA:71,31593
DA:72,31578
DA:75,10525
DA:76,21050
DA:79,11477
DA:80,34431
DA:81,22954
DA:82,2
DA:84,45900
DA:85,45900
DA:86,45900
DA:87,22950
DA:90,2
DA:91,16
DA:94,9104
DA:95,27312
DA:96,9104
DA:97,2291
DA:100,622776
DA:101,4809
DA:104,449196
DA:105,2004
DA:106,0
DA:109,17548
LF:67
LH:66
end_of_record
TN:
SF:/Users/grey/ORSGraph/src/voyage.rs
FN:155,model_config
FN:173,estimate_tokens
FN:228,VoyageClient::new
FN:233,VoyageClient::embed
FN:294,VoyageClient::estimate_tokens
FN:299,VoyageClient::embed_query
FNF:6
FNDA:1,model_config
FNDA:0,estimate_tokens
FNDA:0,VoyageClient::new
FNDA:0,VoyageClient::embed
FNDA:0,VoyageClient::estimate_tokens
FNDA:0,VoyageClient::embed_query
DA:146,0
DA:147,0
DA:148,0
DA:149,0
DA:151,0
DA:155,1
DA:156,1
DA:157,2
DA:158,0
DA:159,0
DA:160,0
DA:161,0
DA:162,0
DA:163,0
DA:164,0
DA:165,0
DA:166,0
DA:167,0
DA:168,0
DA:169,0
DA:173,0
DA:174,0
DA:175,0
DA:176,0
DA:177,0
DA:182,0
DA:183,0
DA:185,0
DA:228,0
DA:229,0
DA:230,0
DA:233,0
DA:240,0
DA:241,0
DA:242,0
DA:245,0
DA:247,0
DA:248,0
DA:249,0
DA:250,0
DA:252,0
DA:255,0
DA:256,0
DA:258,0
DA:259,0
DA:261,0
DA:263,0
DA:264,0
DA:265,0
DA:266,0
DA:269,0
DA:270,0
DA:271,0
DA:272,0
DA:274,0
DA:275,0
DA:281,0
DA:282,0
DA:283,0
DA:286,0
DA:287,0
DA:288,0
DA:289,0
DA:294,0
DA:295,0
DA:299,0
DA:300,0
DA:302,0
DA:303,0
DA:304,0
DA:305,0
DA:307,0
DA:309,0
DA:310,0
DA:313,0
DA:314,0
LF:76
LH:3
end_of_record
